15 216 212 148 159 136 227 38 129 277 174 239 157 298 140 287
19 0 87 88 259 260 285 156 96 217 271 170 23 138 182 288 262 240 49 132
19 180 85 162 203 218 18 200 245 128 244 207 48 101 131 98 223 59 47 143
23 296 249 75 137 74 60 79 188 39 28 241 146 253 197 237 6 25 201 205 152 126 233 247
15 7 294 276 290 187 57 284 258 163 124 255 31 78 141 256
17 133 225 267 226 91 282 204 82 50 89 90 283 10 55 176 77 211
18 127 273 63 21 230 29 214 295 27 93 119 16 196 155 154 97 272 151
18 95 15 213 224 102 121 111 147 76 83 248 266 106 228 279 1 84 257
10 281 202 68 11 199 242 145 297 189 208
8 209 177 73 42 235 5 112 265
9 3 61 160 181 12 71 229 94 169
4 192 215 30 206
3 278 173 183
0 
0 
0 
0 
0 
0 
0 
0 
0 
0 
0 
0 
0 
0 
0 
0 
0 
0 
0 
0 
0 
0 
0 
0 
0 
0 
0 
0 
0 
0 
0 
0 
0 
0 
0 
0 
0 
0 
0 
0 
0 
0 
0 
0 
0 
0 
0 
0 
0 
0 
0 
0 
0 
0 
0 
0 
0 
0 
0 
0 
0 
0 
0 
0 
0 
0 
0 
0 
0 
0 
0 
0 
0 
0 
0 
0 
0 
0 
0 
0 
0 
0 
0 
0 
0 
0 
0 