2 0 200
1 101
0 
1 3
1 204
2 5 205
3 6 106 206
2 7 207
1 208
1 209
1 10
1 111
1 12
1 213
1 214
1 15
1 216
1 217
1 218
0 
0 
2 21 121
0 
1 223
1 224
0 
0 
1 27
1 228
1 129
1 30
0 
1 132
2 133 233
0 
0 
1 136
1 237
0 
2 39 239
2 140 240
1 241
1 242
0 
1 244
0 
1 146
0 
2 48 248
1 249
1 50
0 
1 152
0 
1 154
2 55 155
2 156 256
2 157 257
0 
1 59
2 60 160
1 61
0 
1 163
0 
1 265
1 266
0 
1 68
0 
1 170
1 71
1 272
1 73
1 174
1 75
1 176
1 177
1 78
2 79 279
1 180
1 281
2 82 182
1 283
0 
2 85 285
0 
0 
0 
1 89
1 290
0 
1 192
1 93
1 94
2 95 295
1 196
0 
1 98
0 