30 84 88 187 474 1066 1515 1757 2695 4008 4078 7463 8640 6263 8564 113 7435 3354 5100 3499 6178 6124 7258 192 4671 3835 9898 9568 5435 3035 2862
4 303 568 677 719
1 1178
8 1209 1315 2432 2519 4525 5440 5970 6031
24 1335 1543 1560 9393 9707 2465 672 549 7561 5971 4877 7810 1030 9469 6951 8440 2440 4065 7027 3884 7029 140 2310 6631
10 1992 2135 2356 2571 2920 3869 6412 6466 6670 7109
4 2949 3253 3629 3696
4 3156 3580 6783 7013
6 4094 4309 4377 4435 5868 6403
6 4839 5018 5299 5335 6002 6252
28 7399 7475 7928 7956 7965 8175 8310 9313 9752 713 3307 541 55 3008 7711 6454 5650 7386 8058 6146 8732 2517 6568 5397 5946 9601 5894 7281
2 8292 8773
2 9913 2015
4 9976 4379 3607 8878
32 5497 9847 2735 7657 4090 3442 9003 8731 6277 5934 9679 4150 1353 219 7849 2942 1860 6747 2997 4651 9758 4518 7538 4237 5098 3628 7302 6588 1616 1927 9600 2830
28 9084 7429 5693 6822 4494 9619 6689 6663 5860 6961 7455 8020 7210 1651 2654 8051 4454 2719 1068 7371 2030 4222 5149 8966 3711 421 2103 3871
24 1305 9563 5192 3055 1097 4601 2247 3090 9409 2061 4058 6900 3338 5770 9074 130 3498 8904 776 6810 5364 495 9489 702
30 4742 700 423 8518 1273 9514 2720 7861 6815 2883 3167 5885 8520 5343 3667 696 2899 2957 4137 5133 6043 356 7582 5589 9760 960 8908 1225 5410 729
3 6901 7070 1105
1 4679
22 5445 3817 9305 5324 6381 6706 5717 8395 4495 583 5304 741 7799 9944 9100 4595 7933 7761 1859 2065 7488 3824
13 4059 1867 4758 2917 4071 7499 5300 7929 7401 622 580 8179 1563
2 1138 311
10 7957 769 519 1776 8950 4618 4855 9140 7040 1135
16 606 8708 3549 8477 5235 8758 5679 7940 4055 1822 9029 613 9798 4755 7242 3388
1 563
22 768 6916 2316 5086 9325 2559 5341 5161 2429 9187 1724 3049 3459 4084 6609 3473 7340 7106 6600 7052 3797 1823
1 8670
20 9888 6807 273 6831 117 6695 3855 6198 1040 8739 1852 4170 4575 3368 1628 3915 9872 4123 1152 9914
1 2384
15 3444 5769 4948 394 5027 7064 3697 6662 5572 1734 5112 3424 6068 6756 3614
1 7913
3 3371 8329 9449
20 9675 4307 375 961 372 24 8962 29 3149 2008 6164 5562 3955 1214 3206 7144 5657 8666 4077 9811
4 222 1005 3555 3578
1 9550
11 5424 4894 920 9799 6541 2869 3281 2020 8840 8420 4644
26 7952 4637 4143 4346 2986 2912 3030 4586 2327 5957 8093 9524 2825 2852 2362 7271 8819 4916 592 2144 1764 165 9606 3464 1185 8100
28 6115 3988 6228 1833 4842 7119 7028 1784 9402 2523 7638 3108 4658 8995 3502 2473 115 2906 1820 2396 333 654 6310 1462 504 3899 8441 4918
9 1664 9523 7862 8180 5935 2764 5499 2671 4729
33 9216 9283 1888 734 8406 5598 5381 9979 7877 5902 1332 5875 8715 8548 9556 9320 4920 7698 5422 5170 3759 9604 2527 890 4210 2003 9468 4680 3040 246 2815 8572 7112
26 2576 4214 157 3103 5716 957 5406 2941 1735 6649 4066 5593 5317 5083 6423 733 8524 8325 9862 6509 5490 2499 2038 1085 9069 2853
25 297 6724 3693 7186 9046 4208 7180 5237 2031 7034 2600 3493 4871 2468 3163 7651 2024 9643 9533 8199 4517 8905 3889 6136 6032
20 1978 8102 8728 3564 4788 1227 6529 1838 789 1747 9110 2859 7521 1094 5739 470 2158 3151 8340 5883
25 3471 7141 585 8342 489 6160 6633 1407 817 4583 8277 3910 1640 657 4403 7642 2394 6443 9534 7095 3926 75 6371 4600 2529
2 268 5649
4 7640 1528 3025 6321
6 8204 8559 1269 6409 8823 2573
4 3743 9581 4687 8184
1 6039
5 61 6952 5245 1170 7948
17 6456 9207 8675 6424 1866 6965 5858 699 7082 1588 9602 989 2425 9353 2810 388 4301
1 7468
14 3692 3239 9411 4882 2278 4098 2944 5695 1143 8663 7539 3287 5198 8865
4 1993 9901 7911 3647
28 7229 610 9670 6361 8086 7188 4475 8783 1013 5743 6192 9105 8536 7382 5660 3102 1943 6240 3300 5357 7345 5128 8196 3771 3153 6766 7202 3984
3 2774 9626 7227
23 9020 9291 5222 2507 6418 4536 8029 1421 9636 332 5092 6692 6679 4188 3551 4082 2692 9942 1549 3886 1636 7374 1288
2 8509 3321
2 6694 2176
1 7716
11 6913 6607 2313 554 8698 5881 4873 477 8932 9405 7108
23 3168 5402 7088 1879 8213 7140 7156 3651 4260 864 6669 9012 7637 3594 984 5642 3434 5470 8107 2454 8365 9599 7035
27 8587 6767 4056 2531 3410 1794 6843 3245 9166 567 2738 9473 6658 9985 3550 7462 2205 7130 7718 8242 8532 528 3076 2725 6817 3762 6492
14 9698 6780 6044 8189 2828 9820 1414 1024 5006 2626 4196 9813 720 9252
4 6269 7709 8787 3708
1 6912
25 6656 2324 1447 9733 1883 3655 2589 2714 5500 2642 1955 5307 288 5805 8347 4102 4684 2655 4023 6166 323 5127 4556 6302 7617
22 3333 1194 1908 4807 135 3199 3938 7683 4250 7883 9375 2160 118 8793 815 3214 2873 7400 6500 4178 3890 5077
1 8965
14 3546 19 6189 6502 3918 3276 658 6745 1450 5396 2936 6347 45 5573
22 2603 6139 8489 5218 3249 9090 1113 9463 895 1106 5584 9889 7081 3085 670 8649 3447 2721 8317 1836 220 4325
24 5227 1228 6485 7864 7687 1384 8290 1415 7216 106 9027 9328 9330 946 1720 1075 6928 525 6564 7295 4095 8964 5044 2252
1 3147
2 4984 2297
34 5615 2424 1637 5727 3409 7114 7287 3579 5808 9052 6493 8426 498 8160 4892 8446 484 8400 9490 6234 5587 7326 7819 7708 9218 9958 6490 2149 8041 1083 2069 6867 9294 5596
26 3005 3294 8557 8484 5387 8302 7891 3775 8523 7729 9975 1429 2048 5005 3404 8841 7071 4936 3179 7776 6731 9243 9703 6390 7509 1731
23 6404 3540 1512 2233 9649 3826 739 5491 3865 1218 6475 640 1508 6682 5384 2189 6637 9258 3809 54 8684 6700 1958
25 9935 1609 1605 1323 6329 7512 5818 6752 1689 2915 5954 4686 6375 924 8475 5984 9350 2757 3684 3801 264 784 2953 3063 3931
26 2166 7612 8458 3176 3601 3461 7792 2455 7666 9832 2900 9710 1436 4798 5310 2388 8500 9438 1197 7100 3078 8476 4419 6335 2096 8607
27 3197 7993 7889 7020 7398 4781 3640 874 3317 839 4107 9089 6134 2086 3761 7142 129 149 534 6400 7304 3716 1076 7083 9432 8507 758
2 3257 3358
10 7198 9406 1406 3596 5213 4387 3575 2079 8459 368
1 5991
15 8736 9864 4481 354 4366 7278 81 5914 8914 4500 6935 5010 1540 4760 1403
6 9347 3311 8425 3990 7846 3202
2 8262 1803
26 1372 1773 8158 6199 8209 4537 8323 5466 6741 6455 2198 5748 6270 3345 3315 9006 304 4368 8931 4097 6847 1894 5788 1881 479 2251
25 4693 3148 6123 2641 2536 1630 7129 9920 3119 1496 7732 7411 2857 2075 5155 9366 684 539 8076 7388 5936 8633 8707 1935 5817
29 109 4428 5948 726 9128 902 4223 2928 1186 1797 1913 2407 52 4038 7935 6167 6281 771 7853 3707 7201 2367 2155 4215 705 3914 746 7950 8648
7 7329 6849 2538 7704 6558 6877 1973
7 7230 4706 8055 4546 9452 2748 2736
1 3608
14 3758 7471 2357 3138 2006 2143 2401 3866 5699 4050 5240 8800 4397 4317
22 4414 6884 6740 3779 3403 9874 3512 5352 8110 1886 595 8809 7305 72 42 2911 291 6553 36 1542 7044 5179
17 2123 3208 4959 8376 5990 4352 5793 359 2334 7652 3144 5987 651 4563 3274 2521 176
6 627 9996 2512 842 2791 499
25 1593 2838 8435 5359 8713 2422 5710 6155 6034 8615 2404 6719 7679 7194 9056 7016 2197 1749 6249 1906 4513 2701 4022 107 8674
13 7553 7116 8586 2026 8021 245 7248 482 9640 9382 6927 7633 6544
27 6457 1984 9137 8848 4511 9685 3430 5369 481 5829 4957 3026 4101 1352 7425 542 3913 1229 8197 7012 4738 1712 1333 6419 3189 7481 5224
6 2436 3196 1090 5393 315 6377
10 6735 6851 9191 5746 9595 8774 9666 965 977 9251
3 8699 5034 7575
24 8104 3170 3029 2711 7224 3989 1121 1276 5777 2635 3124 369 2314 3752 8926 4608 1411 1982 5877 1572 8522 1379 2564 5248
5 7104 9246 8566 3104 1778
8 4648 7451 3384 8629 1100 7927 209 1399
11 9974 6924 3160 2426 8449 8073 7686 4297 292 5366 872
9 7357 5654 5487 5698 1489 7117 9495 6159 3291
21 328 166 5060 1625 9255 5214 5535 5541 2537 4558 2856 6352 4806 8530 6705 4607 5951 9132 514 5878 8553
3 5856 8792 5480
1 9459
6 271 2963 9087 2520 7428 873
26 2784 9306 3891 4200 4164 493 5425 7102 4029 3818 2612 3075 3561 4086 2621 6231 5191 5728 8381 2494 2555 2493 6611 9413 4812 2822
23 5721 3849 8979 8447 3490 4875 9487 1904 4990 6380 1168 9073 3750 6775 5786 5216 4715 9755 5339 8781 2855 7343 5895
22 7319 661 1697 4154 8835 8079 9158 5043 8970 967 3211 9240 3201 1753 1682 1957 3581 8455 5773 7946 8352 7489
4 3067 7677 2293 7779
20 4455 2742 3773 3092 3947 8224 2539 7631 1792 5374 5298 2373 7796 4562 1818 7500 4579 5570 451 9999
27 7585 892 2335 6168 2230 4635 8573 1804 6474 8419 9634 1460 9742 9612 5608 2796 5073 8775 5767 274 1953 2347 7089 7828 5144 573 148
20 1674 1251 1530 5189 6200 9030 8254 4202 6764 7665 8493 2884 2966 3155 5564 4559 9343 3302 6489 4181
26 6786 3976 1142 3396 697 7648 8915 4246 7312 9179 1779 121 9420 8027 2909 8169 7195 3178 9501 2727 7084 7980 2182 9555 2170 5874
26 6004 513 9503 2975 457 3215 7043 8695 8164 485 4800 9837 5101 1539 880 6306 8141 9683 8567 5468 3318 1089 1205 418 4766 452
15 6239 3334 8786 7379 5559 8688 5042 2945 9351 9583 3152 8442 9597 7439 8330
1 4467
30 9274 8892 2118 5554 128 8309 8346 9045 7446 448 8772 5351 5428 8037 5050 8014 1391 9911 2766 3509 3256 4382 1026 8526 5618 5912 1360 7606 296 8232
2 6053 7355
17 7768 4194 2511 2681 1564 2074 409 5626 4629 600 3503 3526 1174 8405 5842 5531 9390
7 4112 8203 4233 9282 442 6208 2288
22 5049 8274 5295 4673 4299 6245 5732 3191 2059 46 3609 2034 9221 836 8845 5401 1623 3383 5119 9875 966 7964
2 8370 7347
7 4935 277 608 4255 7546 1959 1817
22 6206 4661 5996 4109 5636 1010 2495 3073 3885 7663 4880 285 4824 8064 9708 3004 5257 3943 1659 2968 2905 7814
18 4910 5089 9316 8574 212 6125 780 4744 4406 9322 8749 515 9848 1548 574 8202 3407 6991
2 1002 1555
5 6804 1363 1524 5540 364
24 7314 7406 8328 4624 168 7086 7580 6512 5045 9516 2035 1428 5004 4569 7820 4165 3777 7721 2283 1092 4425 2750 5549 1878
18 206 8462 9845 1177 7372 9385 2330 5534 4221 5909 7875 6628 8805 9509 4448 5266 8723 2993
23 8832 6307 9806 1970 2442 2077 4652 9527 4645 5913 9639 4498 3597 134 7734 1622 2894 1744 4271 4402 73 265 2224
2 9965 3362
1 5983
23 4794 1869 8902 8207 2649 933 2291 2702 6056 8963 3967 9163 9863 1926 9239 5195 5789 2091 3563 664 5749 8195 623
19 3068 5771 9011 9631 8410 1655 8273 1768 3624 3694 9230 5247 7842 1486 8887 781 3033 4416 3612
13 4630 3510 4421 150 6450 7574 9815 601 290 4409 2011 7726 6527
3 9559 2657 1208
23 3129 730 2782 8198 2690 5756 330 7479 6272 821 2921 8366 2400 3968 1058 9470 7978 1262 1375 6354 6355 2165 1452
24 3821 3786 6202 4867 1221 5017 199 318 1977 659 3328 4669 9337 5097 4468 4191 1107 8066 9271 1380 526 8036 6770 86
23 2566 9543 248 5285 6420 5347 9657 9457 2741 4584 3323 4809 386 9091 3379 2282 3897 2820 5022 9126 9443 6761 8716
6 9078 3541 8040 6473 7867 8192
25 1267 5507 9830 7255 8434 7602 6550 4016 9562 2323 4371 2667 6082 3465 9624 6683 1606 331 9961 7973 5677 1829 7251 6445 4354
20 1054 4836 9897 8116 6213 8909 4089 7697 7507 8811 7653 8680 2242 6055 6791 570 6878 5834 6099 3644
10 9869 4815 2780 47 6360 4064 2518 1 3842 3936
6 5025 5377 4863 8554 3537 2660
18 8784 41 3991 428 1223 2717 9706 909 6522 5482 9148 213 1164 4438 8885 9756 7992 4129
1 6879
11 4507 5920 7000 6021 1252 3701 6643 294 5452 6036 6591
23 6003 8157 6255 6836 9696 9297 4285 1233 7085 7737 5511 3116 2209 3098 9062 3455 1187 2378 5346 631 1156 5037 3792
30 4502 2904 5757 8338 9628 1994 9769 3921 9735 6703 7912 5838 4441 3305 4211 1461 7178 4710 9697 7018 3195 5796 1373 2872 5752 6592 2136 562 3626 3422
23 3426 9744 4720 7876 3717 3565 6261 1474 4398 4634 929 7624 6778 5475 9212 8729 7974 4678 4737 3427 182 410 790
1 3381
18 6536 9890 9286 1260 4003 8348 1396 5556 2532 414 4831 7408 3864 2987 5515 9676 1202 4197
10 7373 502 1527 1518 9586 3602 935 2896 2156 1855
23 3830 3263 3462 326 8285 7870 5158 9070 6268 816 1810 1029 7021 7288 3011 7099 8281 7031 1244 8756 5142 1426 1594
16 8588 435 6012 8991 1580 9871 4141 7847 1281 8339 777 692 5171 7291 6787 923
24 3557 718 5120 5816 6413 6392 2333 2000 8151 9833 7368 8250 449 6117 7969 8436 4765 2028 4956 4931 1658 7395 7953 1892
12 5516 2973 9144 9633 2399 9575 4782 4318 6989 3532 7169 3086
18 9926 6942 3050 1997 2216 6567 7502 6974 6830 6773 5561 8162 5110 6732 3350 4670 6300 7813
9 4048 3018 2895 9883 5084 2372 1507 6193 6291
21 284 3066 7236 6029 98 1723 7662 7205 5804 9247 4259 1964 4280 2088 8972 8900 4275 522 6872 4795 9196
23 4153 655 3105 3083 2382 6078 5169 1787 6114 8721 9113 8264 3982 1719 7447 9017 6079 1971 4837 750 3911 2490 9184
24 3833 4656 8034 3082 1700 3981 396 9028 7562 4378 2633 7062 7743 6774 914 3010 1901 2876 748 5275 44 9178 9956 9296
25 6718 4207 3875 4830 881 85 9381 1325 40 2095 6344 4701 153 3935 3577 9591 5418 5177 3094 3456 9953 6011 5685 5130 391
29 2605 419 3632 8464 9002 2731 7922 4024 8860 5915 3997 3673 3894 7750 4033 5911 5313 7292 985 7328 5270 5832 5319 6295 8751 9794 6616 5460 8850
17 7243 3816 802 7172 6818 4405 5054 5135 9408 6094 6904 4564 9571 2611 5943 2700 7760
4 2881 439 69 4011
19 3411 1986 9485 9104 2167 8766 9951 782 6771 5627 5495 6313 9242 3895 1979 4407 6396 809 2445
4 6922 4482 2245 476
20 4826 1326 8521 4404 951 6503 9512 2290 1458 7715 6905 6447 8958 619 3519 8846 4015 4700 1813 4778
18 5955 1843 8816 3475 6128 3114 6066 1459 5550 959 3592 9998 1624 3312 932 4392 792 2321
25 615 95 5712 5621 2497 1324 7037 1179 5323 1166 9479 4660 1296 4567 731 1291 3352 1025 6086 9119 3713 4192 7264 9203 6153
2 7196 1381
20 4228 2305 5663 5212 7567 2338 2916 9130 7113 3227 2524 7541 8215 1155 6145 7670 9005 869 1938 302
25 9109 5888 6856 1873 3319 4291 5503 6398 1647 8030 2044 7315 9964 2192 30 9358 9542 9250 9034 3670 6624 2363 9971 58 3224
22 7572 4088 7874 4703 5182 7226 4705 3554 6563 3135 2370 6619 736 9767 7781 7646 8829 5506 1011 3662 3324 9099
25 9705 5686 6058 8637 1500 3022 2235 152 2409 4862 8665 2045 2874 7222 6038 1382 1035 28 2785 4650 4945 6623 9398 4599 7391
17 6430 2132 507 7152 4493 9440 9248 9741 6104 7898 2125 5597 8920 3412 7238 1404 3020
4 3605 6186 8940 3539
23 9947 5711 3453 9118 8259 2119 2434 189 357 2837 6339 1253 9732 2868 2824 8765 1161 4676 7955 7349 3637 1120 4203
21 2112 9804 2261 3220 5952 1182 826 4623 7149 8140 3145 5284 8304 4032 9967 2389 2226 8238 6702 4399 9467
3 7554 6634 3193
24 417 3585 7323 6842 6984 7337 4602 6886 5267 2653 3946 7370 7727 3392 5733 4076 3013 9423 7377 8006 8221 6229 5884 7676
15 6645 7097 5156 9190 2041 611 2076 4497 5792 6156 7414 6140 1612 7755 492
22 9680 5566 1550 6749 3058 665 2967 3680 3906 9159 8148 9143 7806 1395 1499 8986 7192 6539 3387 8778 3820 7771
3 210 35 9483
1 8088
21 9289 9743 7668 4749 2355 7629 3657 9652 8645 7091 589 4464 9727 1632 1925 416 7332 3733 4542 1173 9759
8 1777 172 9795 3740 9579 9444 8593 2486
10 3795 8868 2992 9613 7277 1963 1201 2173 9539 2866
17 2036 5602 4869 2570 1634 3583 2470 7503 454 6495 3142 6014 7385 6988 605 9567 3836
20 4657 6000 6340 3615 8796 8173 425 5076 1561 6106 2057 1283 1073 8270 9193 5215 9253 4757 2488 8594
17 4973 4666 5892 596 3666 2754 7534 4415 5062 434 8060 7786 1358 3337 4239 8497 9642
24 9654 3966 846 1729 2982 9171 2831 5579 6716 8244 1590 11 2218 5061 7265 3242 1618 7584 1696 1890 8002 1574 6487 1808
18 8856 4410 6316 5620 1272 7193 1684 2250 5701 7498 2958 9208 3610 1420 2631 1130 7615 1956
25 7690 9702 3783 9492 8831 5656 1733 9678 6346 907 2417 6211 9155 3359 2186 5288 9807 5115 9399 1366 9808 49 7681 2353 7133
12 511 267 3566 8682 3789 4035 233 3243 8818 4108 5776 5798
2 830 2212
5 5477 6425 6903 1755 9954
7 8653 8747 4613 5303 4396 3879 5982
22 6742 4376 7380 1949 4938 4433 2374 215 1876 543 9378 4964 4547 7046 6027 3545 7056 5392 8837 5162 9067 390
7 1386 9557 7787 9620 5779 8298 9377
12 2639 6498 506 164 7209 3232 5344 6363 4688 5529 7024 7025
23 4115 9511 8791 7434 982 9116 5291 8421 1762 2771 3165 7006 2438 1342 6325 9699 2371 8349 625 2002 5784 1437 8866
22 266 1601 1491 1102 1365 7777 4326 5221 2104 8017 3045 3511 1974 2215 7160 9323 1950 7514 5454 8276 5138 6534
20 9345 1685 4245 9949 5941 9950 8103 7407 8550 1767 5016 8565 3389 3523 888 5918 7079 9668 5439 6693
1 4520
18 9450 2686 5917 2776 3194 3181 9566 6800 8494 2694 7599 594 8753 2569 6524 7157 8235 4530
22 8681 849 6601 4854 5724 2602 6331 2565 3757 912 2546 6854 7405 6289 1678 5355 5277 132 3132 5325 8333 3745
5 5012 7579 4940 645 7110
24 3036 3420 5783 7628 1667 2937 9263 9075 9288 883 4773 2933 8525 3916 6990 1621 6666 548 9032 7589 3254 307 3698 8308
19 7174 1175 8042 3370 6357 5228 9209 9177 8560 9553 4449 8491 384 8206 4672 5467 4509 7290 1848
19 2577 6356 9018 9182 6825 6274 6589 2406 969 366 3902 6486 4322 7976 1321 3246 706 8132 4983
18 1430 6729 9576 3802 1355 5124 3767 5763 1782 2739 6154 5118 7105 8625 8499 79 8802 9013
19 6739 9064 2352 5662 4953 8951 4776 8603 5462 4085 2063 2561 7788 5420 7917 6037 5286 7767 3310
9 3542 8768 6523 9681 6638 4639 4541 9101 23
6 1627 2787 313 8937 1686 2591
25 3414 5539 6446 6615 5107 7492 9135 6648 5088 2360 9077 7542 6733 8390 4262 2336 7752 7855 3497 1385 3301 4994 8454 2114 2318
18 3325 2663 403 1443 4278 5702 3231 7231 8218 8108 2506 5072 6612 5687 2258 8230 6285 438
21 5678 8575 9738 6538 5690 8353 2640 3261 7274 8026 1679 7620 7798 2358 8068 7419 5594 1274 1936 3488 3492
18 3270 9712 9180 5453 559 767 524 1790 8895 4647 2685 1654 3023 3240 2349 6074 2878 2606
25 9477 3807 4587 1222 2140 3038 6814 2482 9033 2613 8597 5622 4244 8288 3421 9659 5353 2582 4952 9115 9590 9217 5095 3533 8371
17 7494 6173 3433 2343 3432 8511 1328 8177 2139 242 1882 4632 3484 5068 1990 8139 9648
22 2181 6966 8609 572 552 6336 3970 7745 1846 9900 4552 678 5122 6776 875 4925 1706 3431 3956 6918 7185 5555
20 6526 8187 8368 9065 4986 8981 8510 4314 5708 536 7998 8289 8383 4461 5747 8944 7378 3485 995 3184
23 761 146 2952 1693 7208 6584 8504 7256 9858 2054 3843 1781 5992 8074 6543 9431 471 205 9332 1694 1698 5407 5003
21 7211 6985 2799 5187 2927 475 6089 3949 2122 8857 4073 8015 6286 2199 3355 2331 603 3558 8777 2491 9876
26 9341 2180 4099 1631 7513 1297 6932 6179 9983 5999 3449 2068 4565 9318 9170 5850 2553 1329 6992 8012 5609 8714 9417 7739 1336 5449
1 1529
15 922 8194 7882 1509 2979 4256 9962 6727 8316 1417 6444 4912 5577 6945 8047
3 8955 9419 4887
17 6305 832 3663 8546 279 4890 2956 7461 6948 8473 8623 3087 5414 2650 5644 9439 4315
13 1910 7232 1046 4764 1902 382 7926 2359 5164 2752 6499 7951 6533
7 2464 2178 9981 7276 2745 8245 2099
22 4585 8035 3054 4372 4007 2732 7856 9222 7532 7817 7339 1096 1814 5722 7063 8427 6510 3385 5505 2342 8124 7059
21 7246 6969 5799 5433 1294 3062 5099 9157 5768 1911 2309 6820 2567 2545 3419 1056 9522 6661 9932 2249 5404
1 5371
22 9751 607 5674 7785 6196 1587 2817 244 5844 5835 8743 5694 4620 4000 8478 8354 2617 5111 3998 5745 9206 7989
20 9610 241 4615 8854 2033 6009 9392 1181 4722 8109 9592 4473 6906 8050 9605 5840 8619 3837 1128 2908
10 6652 908 3574 4219 714 5389 1727 1824 6675 5059
13 4139 2551 671 3636 3169 5382 4638 3474 9498 8549 2204 964 9515
18 4450 5815 4786 2128 1098 5260 7275 6397 4993 3568 9204 3171 7358 6964 4504 899 2361 6273
19 3057 1884 415 4344 4400 1455 5123 6838 6406 2109 9083 9780 8061 1786 9664 2469 1858 6828 1663
5 4544 9497 1245 5036 7684
21 9037 7840 8188 7682 7636 2665 9570 1476 4456 8627 518 6578 4898 974 973 8971 6667 4118 4492 6792 5269
14 2781 9410 7916 5837 2386 9195 9357 7778 1302 6999 7221 163 8815 7809
18 3732 5263 6580 6480 952 7746 105 8687 3258 5630 2137 6823 9162 5320 4252 571 7519 7214
2 5069 7284
23 2207 3993 529 161 1239 8094 8228 7643 5619 2043 9667 2841 7566 6488 7132 6047 9946 4817 9663 4640 8712 5775 4972
9 3366 66 751 660 531 5375 3785 4617 4838
5 633 3721 6762 6251 2346
25 2105 9617 9923 5830 8761 9948 1583 5632 7564 4236 1772 8067 5259 1116 322 547 3234 9269 5575 8569 9312 5867 7268 7603 8943
17 4643 9537 1676 3476 3556 490 8646 4235 3635 5986 8863 3567 855 5524 1347 5272 9690
18 3477 7203 8876 6896 2320 643 6593 8780 1748 2863 1736 9231 7023 2579 7338 9465 7696 2185
18 9761 8403 646 7811 2984 7282 3439 7466 2229 4067 6798 6130 6530 735 3730 110 1713 3041
3 7364 141 3760
18 1215 7901 7245 8785 1453 74 8851 5211 9460 4351 6697 4745 8570 362 1478 9885 9931 4841
20 348 2171 5163 1448 4263 3213 2994 6891 806 3674 2943 6754 3059 6759 8592 653 7038 143 4908 2628
23 3190 4485 1232 8742 127 7096 6374 4477 516 255 1519 3979 1167 7449 4946 1673 8417 1577 3192 269 2450 8468 1207
21 7548 7162 4555 8595 3290 177 3896 4046 1045 862 5094 1819 8004 9843 3413 7233 6010 4142 6084 3349 8717
23 9262 708 9276 2753 2924 6081 3909 8928 2645 8911 17 4978 8997 7939 1976 5950 1615 8461 3642 5873 1157 901 9334
19 9273 1487 5457 7344 7387 9234 8018 1643 5610 6386 8871 6728 2851 6520 4922 7826 7307 131 8925
18 7448 6967 871 4384 5962 9333 3356 9593 238 3150 2340 7583 6314 5826 9279 5924 6889 4054
21 5241 6871 3784 4300 1110 886 9496 4857 1188 698 8344 103 3878 9966 3226 3658 1484 5676 4813 3128 8174
3 4709 949 1785
16 9546 7239 4784 2040 5635 7659 3339 1468 4619 2485 787 124 9076 1091 7450 2836
21 8882 3117 8973 9972 4119 1716 2630 5481 3846 4316 7454 262 5645 858 6144 4151 3423 5613 4702 2098 4324
5 7535 2304 3940 7730 1880
2 8176 4027
20 6280 9645 4965 9228 2760 4768 3282 695 4543 9142 1566 1806 5416 7932 3198 9308 1928 6417 9336 1898
20 4593 1369 9475 5082 6062 7068 3829 3429 5033 8097 577 8045 8172 2616 5078 2022 1172 9891 2888 8654
2 7135 9186
4 7191 1169 2187 8303
19 5853 7342 1331 1746 8101 2281 7389 3547 9994 2341 8935 26 243 5157 3109 4116 9257 8411 8091
3 9842 4605 4070
17 494 4930 8938 4491 6930 6674 1875 8662 8598 8460 4950 5492 885 593 2188 8934 8216
19 6247 3685 4213 8610 508 1947 2023 5329 6157 2844 276 3091 6351 8443 3273 411 7559 2307 8797
19 2930 1553 2126 6597 379 7125 1649 6105 1850 139 363 8704 4771 6050 5030 9525 2223 5264 4269
5 9165 1537 9647 1985 4588
9 8806 9684 6422 6744 7854 7844 532 1952 8503
8 380 4966 1250 2802 353 9082 4853 2541
18 9364 6407 709 4636 6678 2947 3962 5512 7520 1125 5326 968 6555 5916 8409 1575 7597 4445
20 3482 3451 2652 120 178 6882 4775 5824 7866 5527 2037 3661 3244 1183 2672 1648 1397 4751 5669 8138
19 7595 4503 9232 2505 6737 9424 6962 7971 1416 1832 5258 7121 1851 632 6577 9726 3941 5399 4861
21 1256 9481 4331 4274 8220 6243 8125 1715 2535 8031 8299 2010 9786 1049 1249 2029 2427 6890 68 2865 5434
17 6893 5557 4944 3731 4358 2636 754 8974 4312 2175 7189 4460 5625 226 1849 6019 2554
12 39 2368 8324 9809 9928 4971 5526 2948 8312 6235 9275 5979
2 3205 8719
18 4664 7010 5238 230 6319 1322 53 2789 6528 3481 5905 347 3344 8392 7979 4216 764 1809
6 6956 3326 990 9458 930 1246
2 5437 2053
18 9265 7941 252 1081 1937 8481 5176 9908 581 5217 2354 2965 5741 6315 954 7756 1374 8275
18 3669 1942 7769 1199 1255 3645 4330 1337 4212 6604 4982 8165 160 1268 7244 7623 3633 1680
13 6013 5116 578 9441 10 5919 9063 4577 1483 8423 6701 299 6073
22 4872 1738 993 4696 4356 9963 9812 2680 4734 3428 6712 4535 7313 1463 9086 6224 8828 8744 7625 8053 5544 1367
5 5994 3524 7762 7822 6238
18 7558 674 8300 9655 4858 9268 1531 2901 9001 3079 1946 6176 3525 609 2858 207 4923 9887
7 2377 5279 8990 6283 3247 584 6610
21 5405 3793 5803 1523 4714 7724 8987 9379 1638 9302 5385 1289 4176 8286 8859 6194 1798 7074 1149 8893 4305
12 9836 3952 7187 2534 4550 5268 2364 450 6174 7852 8709 2620
17 7309 97 8998 2875 8638 8159 6681 350 7094 8153 8738 9448 6230 8677 7869 6250 4383
2 5400 4006
18 3746 6946 8263 3099 4828 8533 1368 9368 235 940 5165 9959 9437 1732 9200 5459 3275 8923
9 6279 3839 7907 2477 3905 6103 6301 5801 7773
24 1721 1211 546 4045 8617 6163 4105 2264 3372 7262 6726 4903 2087 7076 1124 6126 4719 7545 681 7845 6976 4580 8364 3819
21 876 7066 7197 1338 7474 3874 1840 6452 1308 4747 1383 2443 3235 7723 3844 2728 8084 6233 925 2746 9771
19 374 8272 5603 4699 2558 979 2557 5664 6785 261 8669 5349 2294 7832 3158 9895 1258 1708 630
16 4888 6359 867 7361 2246 1071 3948 8881 1533 5568 5736 446 3932 7836 1726 2210
3 6672 1062 9346
13 5847 6460 8214 1872 6297 7754 7865 2437 958 3296 9750 7241 4005
6 4130 843 254 2228 612 7909
2 691 9019
15 6657 4819 2977 538 7483 8755 6436 8166 3217 673 1526 8255 5814 648 1213
15 4195 7873 5021 7872 6880 2051 7672 8248 8927 7571 5331 3019 5683 3140 797
18 1725 1412 3867 458 4834 8746 2713 5154 6184 5104 9716 4265 8013 1361 6626 8561 9921 8163
17 461 2790 4270 8542 8659 808 5302 9644 1236 4025 8048 7839 9389 8201 9531 2890 7181
20 6587 5014 8827 286 2842 7749 319 2607 3039 6187 9331 5274 2500 7930 5595 2666 8658 6448 7437 3978
17 7150 6659 716 544 1891 3536 7529 8621 5778 5019 7886 4963 7753 6214 7261 9339 4968
21 5008 2969 2395 7805 5219 1896 509 7167 5372 395 3977 4997 78 3613 4218 3630 556 4732 3084 1158 1495
10 6491 4227 9284 5031 6808 6743 3186 1310 6542 2939
19 3623 1644 6832 4879 8296 3570 126 8415 2749 6790 7354 2974 5109 7851 1704 393 9088 1153 3971
8 9272 459 397 5910 9822 9896 3505 7147
14 8667 5995 2164 7145 6389 8741 8136 8916 3182 5180 4290 7402 3832 6090
4 1595 3648 3930 5903
17 3646 8257 2115 7604 8691 2179 1203 4539 7782 3330 9957 7175 1730 2487 9404 1350 5398
15 6902 9641 7812 636 4163 9849 4845 6617 1351 7124 850 6869 3081 3504 6323
1 8968
9 8984 3974 5009 7829 6925 2025 9324 1934 7972
17 5160 715 8266 1016 6863 2978 7137 6429 5980 3452 1811 1661 3934 6330 7954 4545 1086
16 1660 2525 4989 3228 847 3507 2693 3285 953 4122 6687 6760 7390 204 4041 4277
19 2270 7014 5514 5134 4340 2148 5421 803 8234 983 6860 5989 3357 642 1607 8880 7283 1868 4189
3 1480 2415 7453
10 5764 2515 4159 2052 8516 5233 1670 2269 4303 5348
8 8486 7301 6367 9388 8843 1960 4343 4329
17 711 6197 249 6416 4114 4487 8362 7107 8280 3000 4573 1007 7667 6690 7054 9309 8222
20 7316 9264 5451 7592 281 1464 2268 2595 186 1567 9730 4740 4514 628 7336 466 5797 2976 6606 7008
17 2220 7143 6181 5864 4096 4533 37 6861 5785 9739 5893 8389 2094 3415 2886 60 7611
7 3798 8407 1117 5105 21 1061 6717
17 6907 8413 1259 9844 6915 8186 3689 7280 6464 5363 1238 5432 8685 1801 480 3950 3781
7 8038 2121 4884 1532 7508 8562 8788
15 6426 3621 8798 6868 4915 1171 9688 7706 7168 2816 2097 5633 3517 2902 4691
12 5356 5684 7516 1393 9724 5519 4106 7547 3595 8689 9049 9909
8 5001 6161 2547 3496 4019 1603 6391 2430
2 1299 7122
5 9054 352 3811 3782 3341
16 2885 9632 1051 7924 8428 2526 740 5651 2308 1270 7892 7981 9580 7257 7593 5423
20 1004 7770 3754 7573 9701 1069 5074 1389 4470 576 3960 420 6175 8839 3769 6768 2625 9922 3727 8910
14 6865 7176 8126 1317 3959 4919 7944 5681 4974 4754 3376 7997 5024 6096
19 8820 9980 1791 202 3070 6824 6353 4144 2365 5607 727 5772 7596 4783 7526 8611 4193 9391 6477
13 1282 137 4074 6769 2769 614 5640 5643 2120 4298 51 1645 8152
9 1048 2174 1692 1292 1907 8307 9085 6779 1626
22 4117 8033 1504 6963 5411 8650 3847 453 2563 6318 9295 3920 5585 9059 6841 6781 7639 7426 6358 8321 6368 5731
17 2898 7830 6223 412 6866 3115 7352 4626 8810 5759 7480 3804 8322 5190 5438 1285 8046
15 2648 4937 8624 5582 4486 1034 4881 5925 4631 7032 478 9201 9415 7688 229
17 4594 2989 865 4472 3121 936 5379 3293 1277 361 184 5419 9674 8336 336 3125 7983
16 7078 1198 1709 9880 1435 5102 2344 4459 1740 5175 4427 5927 7485 2704 5960 5048
16 3469 5567 3691 9611 3271 9754 9919 4190 77 3856 5002 5956 6204 8528 2615 8251
16 2315 5040 1861 3269 6953 3137 7331 6142 2995 7725 5035 4501 3954 2929 7053 8543
14 4532 2568 408 8976 4851 8010 1933 4572 5930 1400 9615 747 913 900
14 5879 7501 5692 2154 2923 7497 9293 9587 6049 8626 7300 5791 3576 8861
18 7080 1008 5700 3210 6680 8661 8345 4357 4009 4075 4251 9661 7591 868 4341 7348 1619 9311
21 4924 1330 1248 857 8450 6203 4899 8544 8961 9480 8387 8676 2980 2763 1036 5542 6388 2202 9719 3922 4296
6 2206 3751 3508 8513 3917 6960
16 9482 8237 3007 3854 2804 1591 6707 8822 3283 195 185 3336 3223 4991 8762 2145
4 987 2248 8416 9287
6 7334 8099 9687 819 793 8253
19 5709 3862 365 6696 8705 889 3763 7797 7486 503 9802 4581 2195 5774 7487 1242 971 1127 6311
15 3851 9859 1541 2191 4597 2991 6590 3448 3074 3927 5828 644 5836 4363 1653
1 3225
18 1831 1639 8293 3308 5314 2452 6926 6459 8969 201 1136 8495 5456 5333 5412 488 5688 5065
15 897 938 1466 7680 7560 257 2101 4598 1703 1691 5961 3048 6934 4484 1293
16 272 9882 5959 3450 6806 7689 894 7904 9384 2325 9978 7590 6632 8558 1760 8949
2 5394 1159
14 4224 4561 5041 8764 4893 3714 4810 5000 8946 4240 8501 3872 7039 5926
13 7894 4802 4675 5026 9541 745 9518 3001 6227 4961 4401 7833 1552
20 7793 387 9584 7987 9826 2931 3963 866 5139 941 5696 2733 8305 2127 4926 1987 8467 8267 2604 1425
15 3278 7164 1688 5532 8692 171 3399 1743 4621 1446 5754 7170 5673 6065 6349
19 5569 2846 7392 5725 5670 4582 8725 3331 3521 5271 9488 2871 8117 6651 9066 7518 9145 7705 8636
17 4209 3799 6345 4453 4625 9783 5810 9943 2237 5463 7 6586 7126 1080 7878 8942 6246
14 1392 3173 586 4012 8872 6226 9616 2405 7995 6827 5707 1216 4996 5592
8 402 9229 1501 1525 7505 6995 2522 641
6 9167 6793 8883 7918 5484 1140
19 3765 2513 2479 5278 2808 4440 8049 8673 2950 9725 5966 8651 2772 752 6545 743 1131 8825 2090
22 4787 9881 7857 1598 275 8105 6292 67 8906 7966 738 6525 344 7517 6837 8634 5588 6022 5974 9058 6933 7938
13 7267 2498 6312 3277 4168 9428 999 7720 4900 2255 6278 7204 1356
15 280 1264 4921 3031 5373 1905 6083 3660 4578 2433 7800 9865 2257 8269 8384
18 8193 7949 4566 9300 2938 1656 9884 151 4692 6171 5705 4612 9791 2475 5726 6723 5354 2070
18 5188 4394 3127 3924 6622 1988 2478 4614 3700 2027 5203 8907 2267 270 4488 9854 4474 9637
18 6921 1470 8760 1924 9299 6253 8807 5039 4457 5117 4442 9877 3237 1895 3162 4726 3322 5311
17 1981 5301 2882 6581 4590 9955 6505 6846 859 4674 9174 3440 9745 5461 1788 1662 587
17 9694 9298 2042 7259 3241 5249 1714 6714 3980 9122 6432 8734 3728 7959 1825 1837 3286
13 8502 4856 7627 800 3212 1854 9021 9653 9211 6691 5493 8913 955
9 2272 9474 6684 1012 6064 8540 4272 517 5478
15 6699 6883 9607 3501 467 4681 9181 441 1611 4333 1919 9365 2638 2795 7335