1 0
4 1 401 4401 7201
5 402 1202 1602 8002 8802
7 403 803 1203 2003 4403 4803 7603
4 404 804 1204 7204
2 5 805
5 806 1606 2406 2806 7606
3 7 807 1207
5 408 808 1608 2408 8008
8 409 809 2409 3209 3609 5209 5609 8409
4 10 410 1210 2010
4 11 411 811 6011
2 12 8012
2 13 3613
4 414 1214 1614 2814
7 415 815 1615 2815 4015 7215 9215
3 416 1216 2816
9 17 2817 3217 4817 5217 5617 6417 6817 7617
3 418 818 2818
6 19 419 819 1619 2019 7219
3 420 2820 3620
3 21 421 2421
6 22 1622 2022 2422 2822 4022
3 23 1623 3223
3 24 424 2824
4 425 1225 4425 5225
3 26 426 1226
8 1227 1627 2027 2427 2827 3627 6827 9227
3 28 828 6828
5 29 429 2029 3229 5629
3 30 430 1230
1 431
4 832 1232 1632 2032
3 1233 1633 6433
4 434 834 1234 6434
2 35 835
4 36 436 836 1636
2 37 437
1 438
5 39 839 1239 2839 6439
4 40 440 840 4040
5 41 441 1641 2441 4041
3 42 1242 1642
2 443 2843
5 44 1244 3244 3644 5244
4 45 845 1645 4445
5 46 446 2046 3246 4446
3 47 847 1247
4 448 848 1648 2448
4 49 1249 2449 7649
5 50 450 2050 2450 9250
3 51 451 2851
3 52 452 3252
4 53 453 1653 2853
3 54 454 1254
2 55 455
1 56
5 457 857 2057 2457 4057
3 58 1258 6458
8 459 859 1259 1659 2059 4459 5659 9259
1 60
5 61 461 861 1261 4861
4 862 1262 1662 2862
3 63 1663 2463
5 864 1264 2064 3264 3664
7 865 1265 1665 2865 3265 3665 4865
5 66 466 866 5266 5666
7 67 467 2067 4067 6867 7667 8467
4 68 868 2868 8468
5 69 469 869 5269 6869
1 70
4 471 2871 3671 9271
3 72 472 6872
4 73 2073 2873 4473
8 74 874 1274 2474 3274 4474 5274 8874
5 75 2475 3275 4075 5275
1 476
4 77 1277 1677 4077
7 78 478 1678 2478 2878 6878 8078
3 79 479 3279
6 80 480 1280 1680 2880 6080
6 81 481 1681 2481 7281 7681
6 482 1282 1682 3282 4082 5682
6 83 1283 1683 3283 4883 7283
3 84 484 1284
6 85 485 885 1285 5685 8885
1 86
7 887 2087 2487 3287 3687 6087 8087
5 88 488 888 1288 2888
9 489 889 1289 2489 2889 6489 6889 7289 8089
6 490 890 1290 2090 2490 2890
5 1291 1691 2091 2491 4091
1 492
3 493 1293 2493
5 94 1694 2094 2494 5294
5 95 495 895 1295 4095
5 496 1296 1696 2096 6096
4 97 1297 2097 2897
7 98 498 1298 1698 2098 3698 8098
4 499 2499 6099 8499
4 500 900 2100 4900
2 901 1301
7 502 902 1302 1702 2102 2502 2902
6 103 503 1303 2103 7303 8503
2 504 1304
6 105 905 2905 3305 4905 6505
3 106 906 1306
3 107 5707 6507
2 108 4908
8 109 509 909 2109 2909 4509 4909 9309
3 110 910 3310
4 511 911 3711 5311
4 912 1312 3712 5312
4 113 513 913 1713
7 514 914 1714 2114 2914 5714 7714
5 115 515 915 3715 7315
3 116 2516 4116
6 117 517 917 1317 4517 6917
4 118 518 1318 5718
4 519 919 3719 6919
7 120 1320 1720 2120 3720 5720 8120
5 121 1321 2521 6521 9721
3 522 1322 4922
1 923
4 124 3324 6124 6524
7 125 525 925 2125 4925 7725 8925
5 126 526 926 1726 5726
4 127 927 1327 3727
5 128 528 1728 3728 8528
6 129 929 1329 2529 2929 4129
4 130 930 1730 2130
3 131 1731 4531
4 132 532 932 1732
4 933 1333 2133 3733
5 134 534 1334 3734 5334
4 135 535 3335 7335
6 536 936 1336 1736 2936 6136
3 137 937 3337
4 538 1338 2138 7338
7 139 539 1739 2139 5339 6539 8939
4 140 1740 2540 2940
5 141 541 941 1341 8941
8 542 1342 2542 4142 4542 5342 7742 8942
2 143 1343
4 544 944 1744 2544
2 2145 4145
6 146 546 946 2146 2946 3346
3 547 1347 3347
2 148 548
5 149 1749 2149 3349 3749
6 150 950 1350 3350 7350 9350
5 151 551 1351 1751 4951
6 152 552 952 1352 2152 8152
7 153 953 1753 2553 2953 4553 6153
7 154 954 1354 2554 4554 5354 9354
2 955 4955
4 556 1356 3356 4156
2 157 557
4 158 958 1758 8558
3 559 959 1359
5 160 960 1360 1760 4160
7 161 561 1361 2161 2961 4961 5361
3 162 562 962
7 163 963 1763 2563 4563 5363 8163
6 164 564 964 1764 2564 2964
3 165 2165 9765
4 166 566 966 9766
4 567 967 1367 7767
7 168 968 1368 2168 2968 4568 4968
7 969 1769 2569 3369 3769 6569 8169
3 570 2170 4570
8 171 571 971 3771 4971 7371 8171 9771
5 172 572 972 1772 2172
3 573 973 6573
2 174 8174
5 1375 2175 2575 5775 7375
2 176 6976
5 177 577 977 1377 4577
3 178 578 978
3 979 1379 2579
4 580 980 3780 8980
4 581 981 3781 4181
3 182 2182 8582
7 583 983 1383 2583 3383 4983 7783
4 184 3784 5784 7784
6 185 985 1385 2185 4185 6185
3 186 1786 2586
4 187 587 3787 4987
2 188 2188
7 189 589 989 1389 2189 4189 7789
3 990 1390 5390
4 591 1391 2191 3791
4 192 592 3792 4192
4 593 2193 2993 4193
2 594 994
6 195 595 995 2595 5395 7395
5 596 996 2196 4996 8196
5 1397 2197 3797 4197 6997
3 198 598 998
9 199 599 999 2199 3399 4199 4599 5399 8199
4 600 1400 2200 3000
3 201 1001 7001
5 202 602 2202 5002 7002
2 603 1003
5 204 1404 2604 3804 9004
4 205 605 1805 9005
2 206 1006
4 207 1007 5407 8607
5 608 1008 1408 1808 7008
4 209 609 1809 2609
7 210 1010 1810 2210 2610 3010 4210
8 611 1011 1411 1811 2211 5011 7011 8211
7 212 612 1012 1812 2612 3012 3412
4 213 613 1813 3413
4 614 1014 3014 4614
2 215 1015
8 1016 1416 2616 4216 5416 6616 7416 8216
5 1417 2617 3417 5817 7017
3 1818 2218 2618
7 219 619 1419 2219 3019 3819 5819
3 220 1820 2620
3 1421 1821 2221
3 222 622 1022
3 623 1823 2223
6 624 1824 2224 5024 6624 7024
6 625 1025 1425 1825 2625 9025
5 226 1026 1426 3026 7826
3 227 1427 3427
3 628 2628 3028
4 229 1829 5029 9829
4 230 630 4230 5030
5 631 2631 3031 3431 4631
4 632 1832 3032 8232
4 233 3033 6233 7833
1 234
3 235 635 1035
3 236 3836 5836
4 1437 1837 3837 5037
2 238 638
8 2639 3039 3439 4239 5039 5439 7039 9439
7 640 1440 3040 3440 4240 4640 5840
2 241 641
5 242 642 1442 3042 4242
4 243 1043 2243 5443
5 244 644 1044 5044 6644
6 245 645 1045 1445 5845 7845
4 246 1446 5046 6246
5 1447 2247 2647 3447 5047
5 248 648 1848 3048 5048
6 249 1049 1849 2249 4649 5449
4 1450 1850 2650 3850
2 251 7851
5 252 652 1052 1452 2252
4 253 653 2253 7053
5 254 654 1454 5454 5854
2 255 1055
3 256 1056 1456
3 257 2257 3857
7 658 1058 1458 1858 2258 3858 6258
5 659 1059 1859 2259 2659
4 660 1060 3860 5460
2 261 3861
2 262 662
4 1463 3063 3863 5063
4 264 664 1064 2664
3 265 1865 5865
5 266 1466 2666 5066 6266
6 267 667 1467 2267 5467 6667
6 268 1068 1468 1868 5068 7068
3 269 669 2269
4 270 3070 4670 5470
6 271 671 1071 1471 2271 2671
3 272 1072 1472
5 273 673 1073 1473 2273
5 274 1074 5474 5874 8674
8 275 1075 1875 3075 4275 6675 8275 9875
6 276 676 1076 1476 2276 9476
5 277 1077 2677 4277 5077
4 678 1478 1878 4678
4 279 1479 7079 8279
5 280 680 1080 2280 3080
6 281 681 1481 1881 3081 7881
4 1882 2282 3882 7482
6 283 1083 1483 2283 2683 4683
6 284 684 1084 3084 3484 8684
3 285 685 6285
6 286 686 1086 1486 2286 3886
3 287 1087 3087
2 288 1088
4 289 1089 6289 7489
4 290 690 6690 8690
3 291 1091 2691
5 292 692 1092 1892 3492
6 2293 2693 3893 5493 5893 6693
8 294 694 1094 1894 2294 3094 5494 5894
4 695 1095 1495 4695
3 296 4296 5896
6 297 697 1097 1497 2697 3897
4 698 1098 1898 4298
3 299 3099 3899
5 700 1100 1500 2300 3500
7 701 1901 2301 2701 4701 6701 8301
2 302 6702
5 303 703 1103 1903 3503
5 304 1904 2704 3504 7904
3 705 1905 4305
4 706 1506 1906 7906
4 307 707 1507 2307
4 708 1108 2308 8308
4 309 1909 7509 9909
3 1110 1510 3110
3 311 1911 3111
4 312 2312 5512 7112
4 313 1513 2713 3113
4 714 1514 3514 3914
5 315 715 1115 3115 4315
1 316
8 1117 1517 2317 3517 5117 6317 6717 7917
3 318 1118 2318
7 319 1119 1519 1919 2719 4319 4719
3 720 1120 3120
3 721 2321 6721
4 322 1122 2322 3522
2 323 1923
2 324 2724
7 1125 1925 2325 2725 3125 3525 4725
6 326 1126 1526 2326 3126 3526
5 727 1127 1927 3927 5127
6 328 1128 1928 2728 3128 3528
2 729 4729
5 330 1130 2730 5130 6330
6 331 731 1131 3931 5531 5931
7 332 732 2732 3132 3932 4332 4732
4 333 1133 3533 7133
4 334 2334 2734 3134
4 335 735 1935 3535
4 336 736 1136 3536
4 1537 1937 2337 7537
3 738 1938 4338
3 739 1139 7539
2 340 1140
4 741 1141 3941 4341
5 1142 1542 2342 5142 5542
4 743 1943 3143 3543
5 344 1144 5144 5544 5944
2 745 1545
3 746 2746 7146
4 347 747 1147 1547
4 348 748 1148 4348
1 749
8 350 750 1950 2750 3950 4350 4750 6750
4 751 1151 1951 5551
7 352 752 1152 1552 1952 2752 7152
6 353 1153 1953 2353 3153 5953
9 354 754 1154 1554 2354 3554 3954 4354 6354
3 755 4755 5555
4 356 756 1156 3956
3 357 757 1157
1 758
3 359 759 3559
4 1560 1960 2360 3560
4 361 1161 1961 2361
1 762
4 363 763 2363 4363
5 364 1164 2764 5964 6364
5 365 765 3165 3965 6365
2 366 766
7 767 1167 1567 2367 3567 9567 9967
8 368 2368 3568 4368 4768 6368 6768 7568
3 369 1169 1569
1 770
2 371 3971
7 372 772 1172 1572 1972 2772 3172
3 1173 1573 2373
7 374 774 1174 1574 1974 5974 8374
6 375 1175 1575 2775 3175 3975
3 776 1576 1976
8 777 1577 3577 3977 5177 5977 7977 9577
4 1178 4378 4778 5978
4 379 1179 1579 5179
5 380 780 2780 3180 7980
3 781 1581 7181
6 382 782 1182 1982 3582 6782
3 383 4383 4783
5 384 784 3184 3984 8384
4 1185 1585 2785 3185
4 386 1586 2786 3586
7 387 787 1187 1987 3987 5587 5987
6 388 1188 1588 1988 2388 3588
3 389 3189 3589
5 390 790 4790 6390 7590
1 1191
3 792 4392 5592
4 393 4393 7593 9993
3 394 794 2794
3 395 795 4795
3 396 796 5596
3 397 797 5597
4 798 3198 5198 9198
4 399 1599 4399 4799