23 200 550 900 1250 1600 1950 2300 2650 3000 3350 3700 4750 5100 5450 5800 6500 6850 7200 7550 7900 8600 9300 9650
23 201 551 901 1251 1601 1951 2301 2651 3001 3351 4051 4401 5101 5451 6501 6851 7201 7551 8251 8601 8951 9301 9651
22 202 552 902 1252 1602 1952 2302 3002 3352 3702 4402 4752 5102 5452 5802 6502 6852 7202 7902 8252 8602 9652
24 203 553 903 1253 1603 1953 2303 2653 3003 3703 4053 4403 5103 5453 5803 6153 6503 6853 7553 7903 8253 8953 9303 9653
21 204 554 904 1254 1604 1954 2304 2654 3004 3354 4054 4404 5104 5804 6854 7204 7554 7904 8254 8604 9654
25 205 555 905 1255 1605 1955 2305 2655 3005 3355 3705 4055 4405 4755 5105 5805 6505 6855 7555 7905 8255 8605 8955 9305 9655
26 206 556 906 1256 1606 1956 2306 2656 3006 3356 3706 4056 4406 4756 5106 5806 6156 6506 6856 7206 7556 7906 8606 8956 9306 9656
21 207 557 907 1257 1607 1957 2307 2657 3007 3357 3707 4407 5107 5457 5807 6157 7207 7557 7907 9307 9657
23 208 558 908 1258 1608 1958 2308 2658 3008 3358 3708 4058 4758 5108 5458 5808 6158 6508 6858 7208 7558 7908 8608
22 209 559 909 1259 1609 2309 2659 3009 3359 4059 4409 5459 5809 6159 6859 7209 7559 7909 8259 8959 9309 9659
24 210 560 910 1260 1610 1960 2310 2660 3010 3360 3710 4410 5110 5460 5810 6160 6510 6860 7210 7560 8260 8610 8960 9660
23 211 561 911 1261 1611 1961 2311 2661 3011 3711 4061 4411 4761 5111 5811 6161 6511 6861 7211 7911 8611 9311 9661
25 212 562 912 1262 1612 1962 2312 2662 3012 3362 3712 4062 4412 4762 5812 6162 6512 6862 7212 7562 7912 8262 8612 8962 9312
24 213 563 913 1263 1613 1963 2313 2663 3013 3713 4063 4413 4763 5463 5813 6163 6513 6863 7213 7563 7913 8963 9313 9663
24 214 564 914 1264 1614 1964 2314 2664 3014 3364 3714 4064 4414 5114 5464 5814 6164 6514 7214 7564 8264 8614 8964 9664
19 215 565 915 1265 1615 2315 2665 3015 3365 3715 4415 6165 6515 6865 7215 7565 7915 8265 8965
20 216 566 916 1266 1616 1966 2316 2666 3366 3716 4416 5116 5466 5816 6166 6866 7916 8616 9316 9666
25 217 567 917 1267 1617 1967 2317 2667 3017 3367 3717 4067 4417 4767 5117 5817 6167 6517 6867 7217 7567 7917 8617 8967 9667
22 218 568 918 1268 1618 1968 2318 2668 3018 3368 3718 4418 5118 5468 5818 6518 7218 7568 8268 8618 9318 9668
21 219 569 919 1269 1619 1969 2319 2669 3019 3369 3719 4069 4419 5119 5469 5819 6169 7919 8269 8619 9319
23 220 570 920 1270 1620 1970 2320 2670 3020 3370 4070 4420 4770 5120 5470 5820 6170 6870 7220 7570 7920 8270 9320
24 221 571 921 1271 1621 1971 2321 2671 3021 3371 3721 4421 4771 5121 5471 5821 6171 6521 7221 7571 7921 8271 8621 9671
23 222 572 922 1272 1622 1972 2322 3022 3372 3722 4072 4422 4772 5122 5822 6172 6522 6872 7572 8272 8622 8972 9672
25 223 573 923 1273 1623 1973 2323 2673 3023 3373 3723 4073 4423 5123 5473 5823 6173 6523 6873 7223 7573 7923 8973 9323 9673
23 224 574 924 1274 1624 1974 2324 2674 3024 3374 3724 4074 4424 4774 5124 5474 5824 6174 6524 7224 7924 8274 9674
23 225 575 925 1275 1625 1975 2325 2675 3375 3725 4075 4425 4775 5125 5825 6175 6525 6875 7225 7925 8275 8975 9325
24 226 576 926 1276 1626 1976 2326 2676 3026 3376 3726 4076 4426 4776 5126 6176 6526 7226 7926 8276 8626 8976 9326 9676
22 227 577 927 1277 1627 1977 2327 2677 3027 3377 3727 4427 4777 5477 5827 6527 6877 7577 7927 8627 9327 9677
24 228 578 928 1278 1628 1978 2328 2678 3028 3378 3728 4428 4778 5478 5828 6178 6528 6878 7228 7578 7928 8278 8628 8978
20 229 579 1279 1629 1979 2329 2679 3029 3379 3729 4079 4429 4779 5479 6179 6529 8279 8629 8979 9679
24 230 580 930 1280 1630 1980 2680 3030 3380 3730 4080 4430 4780 5480 5830 6180 6530 6880 7580 7930 8280 8630 9330 9680
24 231 581 931 1281 1631 1981 2331 2681 3031 3381 3731 4081 4431 4781 5131 5481 6181 6531 6881 7231 8631 8981 9331 9681
23 232 582 932 1282 1632 1982 2682 3032 3382 3732 4082 4432 4782 5132 6182 6532 6882 7582 7932 8632 8982 9332 9682
25 233 583 933 1283 1633 1983 2333 2683 3033 3383 3733 4083 4783 5133 5833 6183 6533 6883 7233 7583 7933 8283 8633 9333 9683
24 234 584 934 1284 1634 1984 2334 2684 3034 3734 4084 4434 4784 5484 5834 6184 6534 6884 7234 7934 8284 8984 9334 9684
22 235 585 935 1285 1635 1985 2335 2685 3035 3735 4085 4435 4785 5135 5485 6185 6535 7585 7935 8635 8985 9335
24 236 586 936 1286 1636 1986 2336 2686 3036 3386 3736 4086 4786 5486 5836 6186 6536 6886 7236 7586 7936 8636 8986 9686
25 237 587 937 1287 1637 1987 2337 2687 3037 3737 4087 4437 4787 5137 5487 6187 6537 6887 7237 7587 8287 8637 8987 9337 9687
22 238 588 938 1288 1638 1988 2338 2688 3038 3388 3738 4438 4788 5138 5488 5838 6188 6538 7238 7588 7938 8288
24 239 589 939 1289 1639 1989 2339 2689 3389 3739 4089 4439 4789 5139 5489 5839 6189 6539 7589 7939 8289 8639 8989 9689
24 240 590 940 1290 1640 1990 2340 2690 3040 3390 3740 4090 4440 4790 5140 5490 5840 6540 7240 7940 8290 8640 8990 9690
24 241 591 941 1291 1991 2341 2691 3041 3391 3741 4441 4791 5141 5491 5841 6191 6541 7241 7591 7941 8291 8641 9341 9691
21 242 592 942 1292 1642 1992 2342 2692 3392 3742 4092 4792 5142 5842 6192 6542 6892 7242 7592 7942 9342
25 243 593 943 1293 1643 1993 2343 2693 3043 3393 3743 4093 4443 4793 5143 5493 5843 6193 6893 7243 7593 7943 8643 9343 9693
22 244 594 944 1294 1644 1994 2344 2694 3394 3744 4094 4444 5494 5844 6194 6544 6894 7594 8294 8994 9344 9694
24 245 595 945 1295 1645 1995 2345 2695 3045 3395 3745 4095 4445 4795 5145 5495 5845 6195 6545 6895 7595 7945 8295 9345
23 246 596 946 1296 1646 1996 2346 2696 3046 3396 3746 4096 4446 5146 5496 6196 6546 6896 7246 7596 8296 8996 9346
22 247 597 947 1297 1647 1997 2347 2697 3047 3397 3747 4097 5497 5847 6547 7247 7597 7947 8647 8997 9347 9697
25 248 598 948 1298 1648 1998 2348 3048 3398 3748 4098 4448 4798 5498 5848 6548 6898 7248 7598 7948 8298 8648 8998 9348 9698
21 249 599 949 1299 1649 2349 2699 3049 3399 3749 4449 4799 5499 5849 6199 6549 6899 7599 7949 8999 9349
25 250 600 950 1300 1650 2000 2350 2700 3050 3400 3750 4100 4450 4800 5150 5850 6550 6900 7250 7600 7950 8300 8650 9000 9700
24 251 601 951 1301 1651 2001 2351 2701 3051 3401 3751 4101 4451 5151 5501 5851 6201 6551 6901 7601 7951 8301 9001 9701
23 252 602 952 1302 1652 2002 2352 2702 3052 3402 3752 4102 4452 5152 5502 5852 6202 6552 7252 7602 8302 8652 9002
22 253 603 953 1303 1653 2003 2353 2703 3053 3403 3753 4103 4453 5853 6203 6553 6903 7953 8303 9003 9353 9703
25 254 604 954 1304 1654 2004 2354 2704 3054 3404 3754 4104 4454 5154 5504 5854 6204 6904 7254 7604 7954 8304 9004 9354 9704
24 255 605 955 1305 1655 2005 2355 2705 3055 3405 3755 4105 5155 5505 6205 6555 6905 7255 7605 7955 8305 9005 9355 9705
21 256 606 956 1306 1656 2006 2356 2706 3056 3406 4106 4456 4806 5506 5856 6206 6906 7956 8306 8656 9706
22 257 607 957 1307 1657 2007 2357 2707 3057 3407 3757 4457 5157 5507 5857 6207 6907 7257 8307 9007 9357 9707
25 258 608 958 1308 1658 2008 2358 2708 3058 3408 3758 4108 5158 5508 5858 6208 6558 6908 7258 7608 7958 8308 8658 9008 9358
26 259 609 959 1309 1659 2009 2359 2709 3059 3409 3759 4109 4459 4809 5159 5509 5859 6209 6559 6909 7959 8309 8659 9009 9359 9709
24 260 610 960 1310 1660 2010 2360 2710 3060 3410 3760 4110 4460 4810 5510 5860 6210 6560 7260 7610 8310 8660 9010 9710
23 261 611 961 1311 1661 2011 2361 3061 3411 3761 4111 4461 4811 5161 5861 6561 6911 7261 7961 8311 8661 9011 9711
24 262 612 1312 1662 2012 2362 2712 3062 3412 3762 4112 4462 4812 5162 5512 5862 6912 7262 7612 7962 8312 8662 9012 9712
24 263 613 963 1313 1663 2013 2363 3063 3413 3763 4113 4463 4813 5163 5513 5863 6213 6913 7263 7963 8313 9013 9363 9713
24 264 614 964 1314 1664 2014 2364 2714 3064 3414 3764 4464 4814 5164 5514 5864 6564 6914 7264 7614 7964 8314 8664 9364
24 265 615 965 1315 1665 2015 2365 2715 3065 3415 4465 4815 5165 5515 6215 6565 6915 7265 7615 7965 8665 9015 9365 9715
22 266 616 966 1316 2016 2366 2716 3066 3416 4116 4816 5166 5866 6216 6916 7266 7616 7966 8316 8666 9016 9716
25 267 617 967 1317 1667 2017 2367 3067 3417 3767 4117 4817 5167 5517 6217 6567 6917 7267 7617 7967 8317 8667 9017 9367 9717
22 268 618 968 1318 1668 2018 2718 3068 3418 3768 4118 4468 4818 5168 5518 6218 6568 6918 7268 7618 7968 9018
21 269 619 969 1319 1669 2019 2369 2719 3069 3419 3769 4819 5169 5519 5869 6219 6569 7269 7619 8319 9369
24 270 620 970 1320 1670 2020 2370 2720 3070 3420 3770 4120 4470 4820 5170 5870 6220 6920 7270 7620 7970 8670 9020 9370
25 271 621 971 1321 1671 2021 2371 2721 3071 3421 3771 4121 4471 4821 5171 5521 5871 6221 6571 6921 7271 7971 8321 8671 9021
23 272 622 972 1322 1672 2022 2372 2722 3072 3422 4472 4822 5172 5872 6222 6572 7272 7622 7972 8672 9022 9372 9722
25 273 623 973 1323 1673 2023 2373 2723 3073 3773 4123 4823 5173 5523 5873 6223 6573 6923 7273 7623 7973 8323 9023 9373 9723
23 274 624 974 1324 1674 2024 2374 2724 3074 3424 3774 4124 5174 5874 6224 6574 6924 7274 7624 8674 9024 9374 9724
22 275 625 975 1325 1675 2025 2375 2725 4125 4475 4825 5175 5525 5875 6225 6575 7275 7975 8325 8675 9025 9375
24 276 626 976 1326 1676 2026 2376 2726 3426 3776 4126 4476 4826 5176 5526 6226 6576 6926 7276 7626 8326 8676 9026 9726
23 277 627 977 1327 1677 2027 2377 2727 3077 3427 3777 4127 4477 4827 5177 5527 5877 6577 6927 7627 7977 8677 9377
21 278 628 978 1328 1678 2028 2728 3078 3428 3778 4128 4478 4828 5178 5878 6228 7278 7628 7978 9028 9728
23 279 629 979 1329 1679 2029 2379 2729 3079 3429 3779 4129 4479 4829 5179 5879 6579 6929 7629 8329 9029 9379 9729
22 280 630 980 1330 1680 2030 2380 2730 3080 3430 3780 4130 5180 5530 5880 6230 6930 7280 7630 8330 9030 9730
21 281 631 981 1331 1681 2031 2731 3081 3431 3781 4131 4831 5531 6231 6581 7281 7631 7981 8331 9381 9731
22 282 632 982 1332 1682 2032 2382 2732 3082 3432 4132 4482 4832 5882 6232 6582 6932 7282 7632 8332 8682 9032
23 283 633 983 1333 1683 2033 2383 2733 3083 3433 3783 4133 4483 4833 5183 5533 6233 6583 7283 7983 8333 8683 9383
23 284 634 984 1334 1684 2034 2384 3084 3434 3784 4134 4484 4834 5184 5884 6584 6934 7284 7634 8334 8684 9034 9734
22 285 635 985 1335 1685 2035 2385 2735 3085 3435 3785 4135 4485 4835 5885 6235 6585 7285 7635 8335 8685 9035
23 286 636 986 1336 1686 2036 2386 2736 3086 3436 3786 4136 4486 4836 5186 5536 6236 6586 8336 8686 9036 9386 9736
22 287 637 987 1337 1687 2037 2387 2737 3087 3437 3787 4137 4487 4837 5187 5887 6587 6937 7287 7987 8337 9387
24 288 638 988 1338 1688 2388 2738 3088 3438 3788 4138 4488 4838 5188 5538 5888 6238 6588 6938 7288 7988 8338 8688 9388
24 289 639 989 1339 1689 2039 2389 2739 3089 3439 3789 4139 4489 4839 5189 5539 6239 6589 6939 7289 7989 8689 9389 9739
26 290 640 990 1340 1690 2040 2390 2740 3090 3790 4140 4490 4840 5190 5540 5890 6240 6590 6940 7290 7640 7990 8340 8690 9040 9390
26 291 641 991 1341 1691 2041 2391 2741 3091 3441 3791 4491 4841 5191 5541 5891 6241 6591 6941 7291 7641 7991 8341 8691 9041 9741
21 292 642 992 1342 1692 2042 2392 2742 3092 3442 3792 4142 4492 4842 5192 5892 6592 6942 7292 8342 8692
24 293 643 993 1343 1693 2043 2393 2743 3093 3443 3793 4143 4493 4843 5193 5543 5893 6243 6593 6943 7293 7993 8343 9043
23 294 644 994 1344 1694 2044 2394 2744 3094 3444 3794 4144 4844 5194 5544 5894 6594 7294 7644 7994 8344 8694 9744
19 295 645 995 1345 1695 2045 2395 2745 3095 3445 3795 4145 4495 4845 6945 7645 8345 8695 9045
25 296 646 996 1346 1696 2046 2396 2746 3096 3446 3796 4146 4496 4846 5196 5546 6246 6596 6946 7646 7996 8696 9046 9396 9746
22 297 647 997 1347 1697 2047 2397 2747 3097 3447 3797 4147 4497 4847 5547 5897 6247 6947 7647 7997 8347 9047
24 298 648 998 1348 1698 2048 2398 2748 3098 3798 4148 4498 4848 5198 5548 6248 6598 6948 7298 7998 8348 9048 9398 9748
23 299 649 999 1349 1699 2049 2399 2749 3099 3449 3799 4149 4499 4849 5199 5549 5899 6249 6949 7649 7999 9399 9749
25 300 650 1000 1350 1700 2050 2400 2750 3100 3450 3800 4150 4500 4850 5200 5550 5900 7300 7650 8000 8350 8700 9050 9400 9750
23 301 651 1001 1351 1701 2051 2401 2751 3101 3451 3801 4851 5201 5551 5901 6251 6601 6951 7301 7651 8351 9051 9401
23 302 652 1002 1352 1702 2052 2402 2752 3102 3802 4152 4502 5202 5902 6252 6602 6952 7302 7652 8002 8352 8702 9402
20 303 653 1003 1353 1703 2053 2403 2753 3103 3453 3803 4153 4853 5203 6253 6953 7303 8353 8703 9403
25 304 654 1004 1354 1704 2054 2404 2754 3454 3804 4154 4504 4854 5204 5554 5904 6254 6604 6954 7304 7654 8004 8354 8704 9404
23 305 655 1005 1355 1705 2055 2405 2755 3105 3455 3805 4155 4505 4855 5205 5905 6605 6955 7305 7655 8355 8705 9405
21 306 656 1006 1356 1706 2056 2406 2756 3106 3456 3806 4156 4856 5556 5906 6256 6606 7306 7656 8706 9056
23 307 657 1007 1357 1707 2057 2407 2757 3107 3457 3807 4157 4857 5907 6607 6957 7307 7657 8007 8357 8707 9057 9757
23 308 658 1008 1358 1708 2058 2408 3108 3458 3808 4158 4508 4858 5208 5558 6608 6958 7308 7658 8008 8358 8708 9758
23 309 659 1009 1359 1709 2059 2409 2759 3109 3459 3809 4159 4509 4859 5559 5909 6259 6609 7659 8009 8359 9409 9759
23 310 660 1010 1360 1710 2060 2410 2760 3110 3810 4160 4510 4860 5560 6260 6960 7310 7660 8010 8360 9060 9410 9760
23 311 661 1011 1361 2061 2411 2761 3111 3461 3811 4161 4511 4861 5211 5561 5911 6611 7311 7661 8011 8361 9061 9411
24 312 662 1012 1362 1712 2062 2412 2762 3112 3462 3812 4162 4512 4862 5212 5562 6612 6962 7312 8362 8712 9062 9412 9762
24 313 663 1013 1363 1713 2063 2413 2763 3113 3463 3813 4163 4513 4863 5563 5913 6263 6963 7663 8013 8363 8713 9063 9763
22 314 664 1014 1364 1714 2064 2764 3114 3464 3814 4164 4514 4864 5214 6264 6614 6964 7314 7664 8014 9064 9414
23 315 665 1015 1365 1715 2065 2415 3115 3465 4165 4515 4865 5215 5565 5915 6615 6965 7315 7665 8015 8715 9065 9765
23 316 666 1016 1366 1716 2066 2416 2766 3116 3466 3816 4516 4866 5216 5916 6266 6616 7316 7666 8016 8716 9066 9766
20 317 667 1017 1367 2067 2767 3467 3817 4167 4517 4867 5217 5567 6267 6617 6967 7317 8367 9067 9767
22 318 668 1018 1368 1718 2068 2418 2768 3118 3468 3818 4168 4518 4868 5568 5918 6268 6968 8018 9068 9418 9768
23 319 669 1019 1369 1719 2069 2419 3469 3819 4519 4869 5219 5569 6269 6619 6969 7319 7669 8369 8719 9069 9419 9769
22 320 670 1020 1370 1720 2070 2420 2770 3120 3470 3820 4520 5220 5570 5920 6270 7670 8020 8370 8720 9070 9770
24 321 671 1021 1371 1721 2071 2421 2771 3121 3821 4171 4521 4871 5221 5571 5921 6271 6621 7321 8021 8371 8721 9071 9421
24 322 672 1022 1372 1722 2072 2422 3122 3472 3822 4522 4872 5222 5572 5922 6272 6622 6972 7322 7672 8022 8722 9072 9422
21 323 673 1023 1373 1723 2073 2423 2773 3473 3823 4173 4873 5223 5573 5923 6273 7673 8023 8373 8723 9423
23 324 674 1024 1374 1724 2074 2424 2774 3124 3474 3824 4174 4524 4874 5924 6274 6624 6974 8024 8374 9074 9424 9774
21 325 675 1025 1375 1725 2075 2425 2775 3125 3475 3825 4175 4525 4875 5225 5575 5925 6625 7325 8025 9775
23 326 676 1026 1376 1726 2076 2426 2776 3126 3826 4176 4526 4876 5576 5926 6276 6626 6976 7326 7676 8376 9426 9776
23 327 677 1027 1377 1727 2077 2427 2777 3127 3477 4177 4527 4877 5227 5577 5927 6277 6627 6977 7677 8377 9077 9427
23 328 678 1028 1378 1728 2078 2428 2778 3478 3828 4178 4528 5228 5578 5928 6628 6978 7328 8028 8378 8728 9078 9778
25 329 679 1029 1379 1729 2079 2429 2779 3129 3479 3829 4179 4529 4879 5229 5579 5929 6279 6629 6979 8029 8379 8729 9429 9779
23 330 680 1380 1730 2080 2430 2780 3130 3480 3830 4180 4530 4880 5230 5930 6280 6630 7330 7680 8030 8380 9080 9430
24 331 681 1031 1381 1731 2081 2431 2781 3131 3481 4181 4531 4881 5231 5581 5931 6281 6631 6981 7681 8031 8731 9081 9431
24 332 682 1032 1382 1732 2082 2432 2782 3132 4532 4882 5232 5582 5932 6282 6632 7332 7682 8032 8382 8732 9082 9432 9782
20 333 683 1033 1383 1733 2083 2433 2783 3133 3483 4183 4533 4883 5933 6633 7333 7683 9083 9433 9783
25 334 684 1034 1384 1734 2084 2434 2784 3134 3484 3834 4184 4534 4884 5234 5584 6634 6984 7334 7684 8034 8384 8734 9434 9784
22 335 685 1035 1385 1735 2085 2435 2785 3135 3485 3835 4185 4885 5235 5585 5935 6285 7685 8035 8385 8735 9085
24 336 686 1036 1736 2086 2436 2786 3136 3486 3836 4186 4536 4886 5236 5586 5936 6286 6636 6986 7336 7686 8736 9086 9786
21 337 687 1037 1387 1737 2087 2437 2787 3137 3487 3837 4187 4537 5587 5937 6287 6637 6987 7687 8037 8387
25 338 688 1038 1388 1738 2088 2438 2788 3138 3488 3838 4188 4538 4888 5238 6288 6988 7338 7688 8038 8388 8738 9088 9438 9788
22 339 689 1039 1389 1739 2089 2439 2789 3139 3489 3839 4539 4889 5239 5589 6289 6639 6989 7339 8739 9089 9789
21 340 690 1040 1390 1740 2790 3140 3490 3840 4190 4540 4890 5240 5590 6290 6990 7340 7690 8040 8390 9090
21 341 691 1041 1391 1741 2441 2791 3141 3841 4191 4541 5591 6291 6641 6991 7341 7691 8041 8391 8741 9091
23 342 692 1042 1392 1742 2092 2442 2792 3142 3842 4192 4542 4892 5242 5592 6642 7342 7692 8042 8392 8742 9092 9792
23 343 693 1043 1393 1743 2093 2443 3143 3493 3843 4193 4893 5243 5593 5943 6293 6993 7693 8043 8393 8743 9093 9793
20 344 694 1044 1394 1744 2094 2444 2794 3144 3494 4194 4544 4894 5594 6644 7344 8744 9094 9444 9794
19 345 695 1045 1395 1745 2095 2445 3495 3845 4195 4545 4895 5945 6295 6645 7345 8045 8395 9795
21 346 696 1046 1396 1746 2096 2796 3146 3846 4196 4546 5246 5596 5946 6296 6646 6996 7346 7696 8396 9796
24 347 697 1047 1397 1747 2097 2447 2797 3147 3497 3847 4197 4547 4897 5597 5947 6297 6647 6997 7347 7697 8047 8397 8747
24 348 698 1048 1398 1748 2448 2798 3148 3498 3848 4198 4548 4898 5248 5948 6298 6648 6998 7348 8048 8398 8748 9098 9448
22 349 699 1049 1399 1749 2099 2449 2799 3499 3849 4199 4549 4899 5249 5599 6649 6999 7349 8749 9099 9449 9799
27 0 350 700 1050 1400 1750 2100 2450 2800 3150 3500 3850 4200 4550 4900 5250 5600 5950 6300 6650 7000 7350 7700 8750 9100 9450 9800
23 1 351 701 1051 1401 1751 2101 2451 2801 3151 4201 4551 4901 5601 5951 6301 6651 7001 7701 8051 8401 9101 9801
25 2 352 702 1052 1402 2102 2802 3152 3502 3852 4202 4552 4902 5252 5602 6302 6652 7002 7352 7702 8402 8752 9102 9452 9802
25 3 353 703 1053 1403 1753 2103 2453 3503 3853 4203 4553 4903 5253 5603 5953 6303 6653 7003 7353 7703 8403 8753 9103 9453
19 4 354 704 1054 1404 1754 2104 2454 2804 3154 3504 3854 4204 4554 6304 6654 7004 7354 8054
24 5 355 705 1055 1405 1755 2105 2455 3855 4205 4555 4905 5255 5605 6305 7005 7355 7705 8055 8405 8755 9105 9455 9805
21 6 356 706 1056 1406 1756 2106 2456 2806 3156 3506 4206 4556 4906 5256 5606 5956 6306 6656 7706 8056
23 7 357 707 1057 1407 1757 2107 2457 2807 3157 3507 3857 4207 4557 4907 5257 5607 5957 6307 7007 7357 8757 9807
22 8 358 708 1058 1758 2108 2458 2808 3158 3508 3858 4208 4558 4908 5958 6308 7008 8058 8408 8758 9108 9458
23 9 359 709 1059 1409 1759 2109 2459 2809 3159 3509 3859 4209 4559 5259 5609 6659 7009 7709 8059 8409 8759 9109
23 10 360 710 1060 1410 1760 2110 2460 2810 3510 4210 4560 5610 5960 6310 6660 7010 7360 7710 8060 8760 9110 9810
23 11 361 711 1061 1411 1761 2111 2461 2811 3161 3861 4211 4561 4911 5261 5611 5961 6311 6661 7711 8061 8411 8761
25 12 362 712 1062 1412 1762 2112 2462 2812 3162 3512 3862 4212 4562 4912 5962 6312 6662 7012 7362 7712 8062 8412 8762 9112
25 13 363 713 1063 1413 1763 2113 2463 2813 3163 3513 3863 4213 4563 4913 5963 6663 7013 7363 7713 8413 8763 9113 9463 9813
25 14 364 714 1064 1414 1764 2114 2464 2814 3164 3514 3864 4564 4914 5264 5614 5964 6314 7364 7714 8064 8414 8764 9114 9464
23 15 365 715 1065 1415 1765 2115 2465 2815 3165 3515 3865 4215 4565 4915 5265 5615 6315 6665 7365 8065 9465 9815
22 16 366 716 1066 1416 1766 2116 2466 2816 3166 4216 4566 4916 5616 6316 6666 7366 7716 8066 8416 9116 9466
21 17 367 717 1067 1417 1767 2117 2467 2817 3167 3517 4567 4917 5267 5617 6317 6667 7017 7717 8067 8767
24 18 368 718 1068 1418 1768 2118 2468 2818 3168 3518 3868 4218 4918 5268 5618 6318 7018 7368 7718 8068 8768 9118 9468
23 19 369 1069 1419 2119 2469 2819 3169 3869 4219 4569 4919 5269 5619 5969 7019 7369 8069 8419 8769 9119 9469 9819
23 20 370 720 1070 1420 1770 2120 2470 3170 3520 3870 4220 4570 4920 5270 5620 5970 6320 6670 7370 8070 8420 8770
24 21 371 721 1071 1421 1771 2121 2471 2821 3521 3871 4221 4571 4921 5271 5621 5971 6321 7021 7371 8071 8771 9471 9821
24 22 372 722 1072 1422 1772 2122 2472 3172 3522 3872 4222 4572 5272 5622 5972 6672 7022 7372 7722 8422 8772 9122 9472
22 23 373 723 1073 1423 1773 2123 2473 3173 3523 4223 4923 5273 5623 6323 6673 7023 7373 8423 8773 9473 9823
24 24 374 724 1074 1424 1774 2124 2474 2824 3174 3874 4224 4924 5274 5624 5974 6324 6674 7024 7374 8774 9124 9474 9824
24 25 375 725 1075 1775 2125 2475 2825 3175 3525 4225 4575 4925 5275 5625 5975 6325 6675 7025 7725 8075 8425 8775 9125
24 26 376 726 1076 1426 1776 2126 2476 2826 3176 3526 3876 4226 4576 5276 5626 5976 6326 6676 7376 7726 8426 8776 9476
26 27 377 727 1077 1427 1777 2127 2477 2827 3177 3527 4227 4577 4927 5277 5627 5977 6327 7027 7377 7727 8077 8427 8777 9127 9827
23 28 378 728 1078 1428 1778 2128 2478 2828 3178 3528 4228 4578 4928 5278 5628 5978 6328 6678 7378 8428 9478 9828
26 29 379 729 1079 1429 1779 2129 2479 2829 3529 3879 4229 4579 4929 5279 5629 5979 6329 6679 7029 7729 8079 8429 8779 9479 9829
23 30 380 730 1080 1430 1780 2130 2480 3180 3530 3880 4230 4580 4930 5280 5630 5980 6680 7730 8430 8780 9480 9830
20 31 381 731 1081 1431 1781 2131 2481 2831 3531 3881 4231 4931 5281 5631 5981 6331 7731 8081 9481
24 32 382 732 1082 1432 1782 2132 2482 2832 3182 3532 3882 4232 4582 4932 5282 5982 6332 6682 7032 7732 8082 8782 9132
22 33 383 733 1083 1433 1783 2133 2483 2833 4233 4583 5283 5633 5983 6333 7033 7733 8433 8783 9133 9483 9833
22 34 384 734 1084 1784 2134 2484 2834 3184 3884 4234 4584 4934 5284 6334 6684 7034 7734 8084 8784 9134 9834
23 35 385 735 1085 1435 2135 2485 2835 3185 3535 3885 4235 4585 5285 5635 5985 6335 6685 7035 7385 8435 8785 9135
22 36 386 736 1086 1436 1786 2136 2486 3186 3886 4586 4936 5286 5636 5986 6336 7036 7386 7736 8086 8436 9486
26 37 387 737 1087 1437 1787 2137 2487 2837 3537 3887 4237 4587 5287 5637 5987 6337 7037 7387 7737 8087 8437 8787 9137 9487 9837
25 38 388 738 1088 1438 2138 2488 2838 3188 3538 3888 4588 4938 5288 5638 5988 6338 6688 7038 7388 7738 8088 8788 9138 9838
23 39 389 739 1089 1439 1789 2489 2839 3189 3539 3889 4589 4939 5289 5639 5989 6339 6689 7039 7389 7739 8089 8789
23 40 390 740 1090 1440 1790 2140 2490 2840 3540 3890 4240 4590 4940 5290 5640 6690 7040 7390 7740 9140 9490 9840
24 41 391 741 1091 1441 1791 2141 2491 2841 3191 3541 3891 4241 4591 4941 5291 5641 5991 6691 7041 7391 7741 8091 9841
23 42 392 742 1092 1442 1792 2142 2492 2842 3192 3542 3892 4242 4592 4942 5292 5642 5992 6342 6692 8092 8792 9142
27 43 393 743 1093 1443 1793 2143 2493 2843 3193 3543 3893 4243 4593 4943 5293 5643 5993 6343 6693 7043 7393 7743 8443 9143 9493 9843
25 44 394 744 1094 1444 1794 2144 2494 2844 3194 3544 3894 4244 4594 5294 5644 5994 6344 6694 7044 8094 8444 8794 9144 9844
24 45 395 745 1095 1445 1795 2145 2495 2845 3195 3545 3895 4245 4595 4945 5295 5995 6345 6695 7045 7745 8095 8795 9845
27 46 396 746 1096 1446 1796 2496 2846 3196 3546 3896 4596 4946 5296 5646 5996 6346 6696 7046 7396 7746 8096 8446 8796 9146 9496 9846
19 47 397 747 1097 1447 1797 2147 2497 3197 3547 3897 4247 4947 5297 5647 6697 7747 9497 9847
23 48 398 748 1098 1448 1798 2148 2498 2848 3548 3898 4598 4948 5648 5998 6698 7048 7398 7748 8098 8448 8798 9148
22 49 399 749 1099 1449 1799 2149 2499 3199 3549 3899 4249 4599 5299 5649 6349 7049 7399 7749 8449 8799 9849
24 50 400 750 1100 1450 1800 2500 2850 3200 3550 3900 4250 4600 4950 5300 5650 6000 6350 6700 7050 7400 7750 8100 8800
21 51 401 751 1101 1451 1801 2151 2501 3201 3901 4251 4601 5301 5651 6701 7051 7401 8101 8451 8801 9501
25 52 402 752 1102 1452 1802 2502 2852 3202 3552 4252 4602 4952 5302 5652 6002 6352 6702 7052 8102 8452 8802 9152 9502 9852
21 53 403 753 1103 1453 1803 2153 2503 2853 3203 3553 4253 4603 4953 6353 7053 7403 7753 8803 9153 9503
23 54 404 754 1104 1454 1804 2154 2504 3204 3554 3904 4254 4604 4954 5304 6004 6354 6704 7404 7754 8104 8804 9154
25 55 405 755 1105 1455 1805 2155 2505 3205 3555 3905 4255 4605 4955 5305 5655 6355 6705 7055 7755 8105 8455 8805 9505 9855
25 56 406 756 1106 1456 1806 2506 2856 3206 3556 3906 4256 4606 4956 5306 5656 6006 6356 6706 7056 7756 8106 8456 8806 9156
24 57 407 757 1107 1457 1807 2157 2507 2857 3207 3907 4257 5307 5657 6357 6707 7057 7407 7757 8107 8457 8807 9507 9857
23 58 408 758 1108 1458 2158 2508 2858 3208 3558 3908 4258 4608 4958 6008 6358 6708 7058 7758 8458 8808 9158 9508
25 59 409 759 1109 1459 1809 2159 2509 2859 3559 3909 4609 4959 5309 5659 6009 6359 6709 7059 7409 8109 8459 8809 9509 9859
22 60 410 760 1110 1460 1810 2160 2510 2860 3560 3910 4610 5660 6010 6360 7410 8110 8460 8810 9160 9510 9860
24 61 411 761 1461 1811 2161 2511 2861 3211 3561 4261 4961 5311 5661 6011 6361 6711 7061 7411 7761 8461 8811 9161 9511
25 62 412 762 1112 1462 1812 2162 2512 2862 3212 3912 4262 4612 4962 5312 5662 6012 6362 6712 7062 7762 8112 9162 9512 9862
25 63 413 763 1113 1463 2513 3213 3563 3913 4263 4613 4963 5313 5663 6013 6713 7063 7413 7763 8113 8463 8813 9163 9513 9863
25 64 414 764 1114 1464 1814 2164 2514 3214 3564 4264 4614 4964 5314 5664 6014 6364 6714 7064 7414 7764 8114 8814 9164 9514
26 65 415 765 1115 1465 1815 2165 2515 2865 3215 3565 3915 4265 4615 4965 5315 5665 6015 6365 6715 7415 7765 8115 8465 8815 9865
22 66 416 766 1116 1816 2166 2516 2866 3566 3916 4266 5316 5666 6366 6716 7066 7766 8116 8466 8816 9516 9866
26 67 417 767 1117 1467 2167 2867 3217 3567 3917 4267 4617 5317 5667 6017 6367 6717 7067 7417 7767 8117 8467 8817 9167 9517 9867
20 68 418 768 1118 1468 1818 2168 2518 2868 3218 3568 3918 4268 4618 4968 6018 6368 7068 8818 9518
26 69 419 769 1119 1469 1819 2169 2519 2869 3219 3569 3919 4269 4619 4969 5319 6019 6369 6719 7069 7419 8119 8819 9169 9519 9869
23 70 420 770 1120 1470 1820 2170 2520 3220 3570 3920 4270 4620 4970 5320 5670 6020 6370 7070 7420 7770 8470 9170
24 71 421 771 1121 1471 1821 2171 2521 2871 3221 3571 4271 4621 4971 5321 5671 6371 6721 7071 7771 8821 9171 9521 9871
22 72 422 772 1122 1822 2172 2522 2872 3222 3572 4272 4972 5322 5672 6022 6372 6722 7072 7422 7772 8122 8822
27 73 423 773 1123 1473 1823 2173 2523 2873 3223 3573 3923 4273 4623 4973 5323 6023 6373 6723 7073 7423 8123 8473 8823 9173 9523 9873
23 74 424 774 1124 1474 2174 2524 3224 3574 3924 4274 4624 5674 6024 6724 7074 7424 7774 8124 8474 8824 9174 9524
24 75 425 775 1475 1825 2175 2525 2875 3225 3575 3925 4275 4625 4975 6025 6375 6725 7075 7425 7775 8475 8825 9525 9875
25 76 426 776 1126 1476 2176 2526 2876 3226 3576 3926 4276 4626 4976 5676 6026 6376 6726 7076 7776 8126 8476 8826 9176 9876
27 77 427 777 1127 1477 1827 2177 2527 2877 3227 3577 3927 4277 4627 4977 5327 5677 6027 6377 6727 7077 8127 8477 8827 9177 9527 9877
24 78 428 778 1128 1478 1828 2178 2528 2878 3228 3578 3928 4278 4628 4978 5328 5678 6028 6378 6728 7428 7778 9528 9878
22 79 429 779 1129 1479 1829 2179 2529 2879 3229 4629 4979 5329 6029 7079 7429 7779 8129 8479 9179 9529 9879
21 80 430 780 1130 1480 1830 2180 2530 2880 3230 3580 3930 4280 4630 5330 6380 6730 7780 8480 8830 9530
23 81 431 781 1131 1481 2181 2531 2881 3231 3931 4281 4631 4981 5331 5681 6031 6381 7081 7431 8131 9181 9531 9881
22 82 432 782 1132 1482 1832 2182 2532 2882 3232 4282 4982 5332 5682 6732 7082 7432 8132 8482 8832 9532 9882
22 83 433 783 1133 1483 2183 2533 2883 3583 3933 4283 4633 4983 5683 6033 6383 6733 7083 7433 7783 8133 8483
22 84 434 784 1134 1484 1834 2184 2534 2884 3234 3584 3934 4284 4984 5684 6034 6384 6734 7434 7784 8484 9534
26 85 435 785 1135 1485 1835 2185 2535 2885 3585 3935 4285 4635 4985 5335 5685 6035 6385 6735 7085 7435 7785 8135 8485 9185 9535
27 86 436 786 1136 1486 1836 2186 2536 2886 3586 3936 4286 4636 4986 5686 6036 6386 6736 7086 7436 7786 8136 8486 8836 9186 9536 9886
24 87 437 787 1137 1487 1837 2187 2537 2887 3237 3587 4287 4637 4987 5337 5687 6037 6387 6737 7437 8137 8487 8837 9187
26 88 438 788 1138 1488 1838 2188 2538 2888 3238 3588 3938 4288 4638 4988 5338 5688 6038 6388 6738 7088 7438 7788 8138 8838 9188
25 89 439 789 1139 1489 1839 2189 2539 2889 3239 3589 3939 4289 4639 5339 5689 6039 6389 6739 7089 7789 8139 8489 8839 9539
22 90 440 790 1140 1490 1840 2190 2540 3940 4290 4640 4990 5340 5690 6040 6390 6740 7090 7440 8140 8490 8840
22 91 441 791 1491 1841 2541 2891 3241 3591 3941 4291 4641 4991 5341 5691 6041 6391 6741 7091 7791 8491 9541
23 92 442 792 1142 1492 1842 2192 2542 2892 3242 3942 4292 4642 4992 5342 5692 6742 7092 7792 8142 8842 9192 9542
23 93 443 793 1143 1493 1843 2193 2543 2893 3243 3593 3943 4293 4643 4993 5343 6043 6743 7093 7443 8843 9193 9893
25 94 444 794 1144 1494 1844 2194 2544 2894 3244 3594 3944 4294 4644 5344 5694 6044 6394 6744 7094 7444 8144 8844 9544 9894
27 95 445 795 1145 1495 1845 2195 2545 2895 3245 3595 3945 4295 4645 4995 5695 6045 6745 7095 7445 7795 8145 8495 8845 9195 9545 9895
22 96 446 796 1146 1496 2196 2546 2896 3246 3596 3946 4296 4646 5346 6396 7446 7796 8146 8496 8846 9196 9896
27 97 447 797 1147 1497 1847 2197 2547 2897 3597 3947 4297 4647 4997 5347 5697 6047 6397 7097 7447 7797 8147 8497 8847 9197 9547 9897
24 98 448 798 1148 1498 1848 2198 2548 2898 3248 3598 3948 4298 4648 4998 5348 5698 6048 6398 7098 8148 8498 9198 9548
23 99 449 799 1149 1499 1849 2199 2549 2899 3599 3949 4299 4649 4999 5699 6049 6399 6749 7099 7799 8149 8499 9199
22 100 450 800 1150 1500 1850 2200 2900 3250 3600 4300 5000 5350 5700 6050 6400 6750 7100 7450 8150 9550 9900
27 101 451 801 1151 1501 1851 2201 2551 2901 3251 3601 3951 4301 4651 5001 5701 6051 6401 6751 7101 7451 7801 8151 8501 9201 9551 9901
23 102 452 802 1152 1502 1852 2552 2902 3252 3602 3952 4302 4652 5002 5352 5702 6052 7102 7452 7802 8852 9552 9902
25 103 453 803 1153 1503 1853 2203 2553 2903 3253 3603 3953 4653 5003 5353 6053 6403 7103 7453 7803 8153 8853 9203 9553 9903
21 104 454 1154 1504 1854 2204 2904 3254 3604 3954 4304 4654 5004 5704 6054 6404 7104 7454 7804 9204 9904
28 105 455 805 1155 1505 1855 2205 2555 2905 3255 3605 3955 4305 4655 5005 5355 6055 6405 6755 7105 7455 7805 8155 8505 8855 9205 9555 9905
25 106 456 806 1156 1506 1856 2206 2556 2906 3606 3956 4306 4656 5006 5356 5706 6406 7106 7456 7806 8156 8856 9206 9556 9906
25 107 457 807 1157 1507 1857 2207 2907 3257 3607 3957 4307 4657 5007 5357 5707 6757 7107 7457 7807 8157 8507 8857 9207 9557
25 108 458 808 1158 1508 1858 2208 2558 2908 3608 3958 4308 4658 5358 5708 6058 6408 6758 7108 7808 8158 8508 9208 9558 9908
24 109 459 809 1159 1509 1859 2559 2909 3259 3609 3959 4659 5009 5359 5709 6059 6409 6759 7459 7809 8159 8509 8859 9209
24 110 460 810 1160 1510 1860 2210 2560 2910 3610 3960 4310 5010 5360 5710 6060 6760 7460 7810 8160 8510 8860 9210 9560
24 111 461 811 1161 1511 1861 2211 2561 2911 3261 3961 5011 5361 5711 6061 6411 6761 7111 7461 7811 8161 8511 8861 9911
25 112 462 812 1162 1862 2212 2562 2912 3262 3612 3962 4312 5012 5362 5712 6412 6762 7112 7462 7812 8512 8862 9212 9562 9912
24 113 463 813 1163 1513 1863 2213 2913 3263 3613 3963 4313 4663 5013 5363 6063 6413 6763 7113 7463 7813 8163 8863 9563
26 114 464 814 1164 1514 1864 2214 2564 2914 3614 3964 4314 4664 5364 5714 6064 6414 6764 7114 7814 8164 8514 8864 9214 9564 9914
22 115 465 815 1165 1515 1865 2215 2565 2915 3615 3965 4315 4665 5015 5365 5715 6065 6415 7465 7815 8165 8515
25 116 466 816 1166 1516 1866 2216 2566 2916 3266 3616 3966 4316 4666 5016 5366 5716 6066 7466 7816 8516 8866 9216 9566 9916
26 117 467 817 1167 1517 1867 2217 2567 2917 3267 3617 3967 4317 4667 5017 5367 5717 6067 6417 7117 7817 8167 8867 9217 9567 9917
25 118 468 818 1168 1518 1868 2218 2568 2918 3268 4668 5018 5368 5718 6068 6418 6768 7118 7468 7818 8168 8518 8868 9218 9918
28 119 469 819 1169 1519 1869 2219 2569 2919 3269 3619 3969 4319 4669 5019 5369 5719 6069 6419 6769 7119 7469 7819 8169 8519 8869 9569 9919
23 120 470 1170 1520 1870 2220 2570 2920 3270 3620 3970 4320 4670 5020 5720 6070 6420 7470 7820 8520 9220 9570 9920
23 121 471 821 1171 1521 1871 2221 2571 3271 3621 3971 4321 5021 6071 6771 7121 7471 7821 8171 8521 8871 9221 9921
23 122 472 822 1172 1522 1872 2222 2572 3272 3622 4672 5022 5372 5722 6072 6422 6772 7122 7472 8522 9222 9572 9922
23 123 473 823 1173 1523 1873 2573 2923 3273 3623 3973 4323 4673 5023 5373 5723 6773 7123 7473 7823 8173 9573 9923
25 124 474 824 1174 1524 1874 2224 2574 2924 3274 3624 3974 4324 4674 5024 5374 6074 6774 7124 7474 7824 8174 8524 9574 9924
24 125 475 825 1175 1525 1875 2225 2575 2925 3275 3625 3975 4325 4675 5025 5375 5725 6075 6775 7125 7825 8175 8525 9225
27 126 476 826 1176 1526 1876 2226 2576 2926 3276 3626 3976 4326 4676 5026 5376 5726 6076 6426 6776 7126 7476 7826 8876 9226 9576 9926
25 127 477 827 1177 1527 1877 2227 2577 2927 3277 3627 3977 4677 5027 5727 6077 6427 6777 7127 7477 7827 8527 8877 9577 9927
24 128 478 828 1178 1528 1878 2228 2578 2928 3278 3978 4328 4678 5028 5378 5728 6078 7128 7478 8528 8878 9228 9578 9928
26 129 479 829 1529 1879 2229 2579 2929 3279 3629 3979 4329 4679 5029 5379 5729 6079 6429 7129 7479 7829 8179 8529 8879 9579 9929
24 130 480 830 1180 1530 1880 2230 2580 2930 3280 3980 4330 4680 5380 5730 6080 6780 7130 7480 7830 8180 8880 9230 9580
25 131 481 831 1181 1531 1881 2231 2581 2931 3281 3631 3981 4331 4681 5381 5731 6081 6431 7131 7831 8181 8531 8881 9231 9931
26 132 482 832 1182 1532 1882 2232 2582 2932 3282 3982 4332 4682 5032 5382 5732 6082 6432 6782 7832 8182 8532 8882 9232 9582 9932
22 133 483 833 1183 1533 1883 2233 2933 3283 3633 3983 4333 4683 5033 5733 6083 6433 6783 7133 8533 8883 9233
24 134 484 834 1184 1534 1884 2934 3284 3634 3984 4334 4684 5034 5384 5734 6084 6434 6784 7134 7484 7834 8534 9234 9934
23 135 485 1185 1535 1885 2235 2585 2935 3285 3635 3985 4335 4685 5035 5385 5735 6085 6435 7135 7835 8185 8535 9935
24 136 486 836 1186 1536 1886 2236 2936 3286 3986 4336 4686 5036 5386 5736 6086 6436 6786 7486 7836 8186 8536 8886 9586
24 137 487 837 1537 1887 2237 2587 2937 3287 3637 4337 4687 5037 5737 6087 6437 6787 7137 7837 8187 8537 8887 9237 9587
23 138 488 838 1188 1538 1888 2238 2588 2938 3638 3988 4688 5038 5738 6088 6438 6788 7838 8188 8538 8888 9588 9938
25 139 489 839 1189 1539 1889 2239 2589 2939 3289 3639 3989 4339 4689 5039 5389 5739 6089 6439 6789 7139 7839 8189 8539 9239
20 140 490 840 1190 1540 1890 2240 2590 2940 3290 3990 4340 4690 5040 5390 6090 7140 7490 8190 9240
23 141 491 841 1191 1541 1891 2241 2591 2941 3291 3641 4341 4691 5391 5741 6091 6441 7141 7491 7841 8191 8891 9941
24 142 492 842 1192 1542 1892 2242 2592 2942 3292 3642 3992 4342 4692 5042 5392 5742 6442 6792 7142 7492 8192 8542 8892
22 143 493 843 1193 1543 2243 2593 2943 3293 3993 4343 4693 5043 5393 5743 6443 6793 7143 7493 7843 8893 9593
22 144 494 844 1194 1544 1894 2244 2594 2944 3294 3644 3994 4344 4694 5044 5394 6094 7844 8194 8894 9244 9944
26 145 495 845 1195 1545 1895 2245 2595 2945 3295 3645 3995 4345 4695 5045 5395 5745 6095 6795 7145 7495 8195 8895 9245 9595 9945
21 146 496 846 1196 1546 2246 2596 2946 3296 3646 3996 4346 4696 5396 5746 6446 7146 7846 8196 9596 9946
25 147 497 847 1197 1547 1897 2247 2597 2947 3297 3647 3997 4347 5047 5397 5747 6097 6447 6797 7497 7847 8197 9247 9597 9947
27 148 498 848 1198 1548 1898 2248 2598 2948 3298 3648 3998 4348 4698 5048 5398 5748 6098 6448 6798 7498 7848 8198 8548 8898 9598 9948
22 149 499 849 1199 1549 1899 2249 2599 2949 3299 3649 3999 4699 5399 5749 6099 6449 6799 7499 8199 8899 9249
27 150 500 850 1200 1550 1900 2250 2950 3300 3650 4000 4350 4700 5050 5750 6100 6450 6800 7150 7500 7850 8200 8550 8900 9250 9600 9950
20 151 501 851 1201 1551 1901 2251 2601 2951 3301 3651 4001 4351 5401 6101 6451 6801 7501 8201 8901
25 152 502 852 1202 1552 1902 2252 2602 2952 3652 4002 4352 4702 5052 5402 5752 6802 7152 7502 7852 8202 8552 8902 9252 9602
26 153 503 853 1203 1553 1903 2253 2953 3303 3653 4003 4353 4703 5053 5403 5753 6103 6453 6803 7153 7503 7853 8203 9253 9603 9953
24 154 504 854 1554 1904 2254 2604 2954 3304 3654 4004 4354 4704 5054 5404 5754 6104 6454 6804 7154 7504 7854 8554 9604
25 155 505 855 1205 1555 1905 2255 2605 2955 3305 3655 4005 4355 4705 5055 5405 5755 6455 6805 7155 7505 8555 8905 9255 9605
24 156 506 856 1206 1556 1906 2256 2606 2956 3306 4006 4356 4706 5056 5406 6106 6456 6806 7156 7506 7856 8206 8556 9256
24 157 507 857 1207 1557 1907 2257 2957 3307 3657 4007 4357 4707 5407 5757 6107 6457 6807 7157 7507 7857 8557 8907 9607
26 158 508 858 1208 1558 1908 2258 2608 2958 3308 3658 4008 4358 4708 5058 5408 5758 6108 6458 7508 7858 8208 8558 8908 9608 9958
27 159 509 859 1209 1559 1909 2259 2609 2959 3309 4009 4359 4709 5059 5409 5759 6109 6809 7159 7509 7859 8209 8559 8909 9259 9609 9959
24 160 510 860 1210 1560 1910 2260 2610 2960 3310 4010 4360 5060 5410 5760 6110 6460 6810 7160 7510 7860 8210 8560 9610
24 161 511 861 1211 1561 1911 2261 2611 2961 3311 3661 4011 4361 4711 5061 5411 5761 6111 6811 7861 8211 8911 9261 9611
24 162 512 862 1212 1562 1912 2262 2612 2962 3662 4012 4362 4712 5412 5762 6112 6462 7162 7512 7862 8212 8562 9262 9962
23 163 513 863 1213 1563 1913 2263 2613 2963 3313 3663 4013 4363 4713 5063 5413 5763 6813 7163 7863 8213 8563 9613
25 164 514 864 1214 1564 1914 2264 2614 2964 3314 3664 4014 4364 4714 5064 5414 5764 6114 6814 7164 7514 8214 9264 9614 9964
23 165 515 865 1215 1565 1915 2615 2965 3315 4015 4365 5065 5415 5765 6115 6465 7165 7515 8215 8915 9265 9615 9965
21 166 516 866 1216 1566 1916 2266 2616 2966 3666 4016 4366 4716 5766 6116 6466 7166 8216 8916 9266 9616
25 167 517 867 1217 1567 1917 2267 2617 2967 3317 3667 4017 4367 5067 5417 5767 6467 6817 7167 7517 8217 8567 8917 9267 9617
27 168 518 868 1218 1568 1918 2268 2618 2968 3318 3668 4018 4368 4718 5068 5418 5768 6118 6468 6818 7168 7518 7868 8218 8918 9618 9968
23 169 519 869 1219 1569 1919 2269 2619 2969 3319 3669 4019 4369 4719 5419 5769 6119 6469 7169 7869 8219 9269 9969
23 170 520 870 1220 1570 1920 2270 2620 2970 3320 3670 4020 4370 4720 5070 5420 5770 6120 6820 7170 7520 8570 9620
26 171 521 871 1221 1571 1921 2271 2621 2971 3321 3671 4021 4371 4721 5071 5421 6121 6471 6821 7171 7521 8221 8571 8921 9271 9971
24 172 522 872 1222 1922 2272 2622 2972 3322 3672 4022 4372 4722 5072 5422 5772 6122 6472 7172 7522 7872 8222 8922 9972
23 173 523 873 1223 1923 2273 2623 2973 3323 3673 4023 4373 4723 5073 5773 6473 6823 7523 7873 8223 8573 8923 9623
24 174 524 874 1224 1924 2274 2624 2974 3674 4024 4374 4724 5074 5424 5774 6124 6824 7174 7524 7874 8224 8574 9274 9624
22 175 525 875 1225 1575 2275 2625 2975 3325 3675 4025 4375 4725 5075 5425 5775 6825 7525 7875 8225 8925 9275
25 176 876 1226 1576 1926 2276 2626 2976 3326 3676 4026 4376 4726 5076 5426 5776 6126 6476 7526 7876 8226 8576 8926 9276 9626
23 177 527 877 1227 1577 1927 2277 2627 2977 3327 3677 4027 4377 4727 5427 6127 6477 6827 7527 7877 8577 9277 9977
26 178 528 878 1228 1578 1928 2278 2628 2978 3328 3678 4028 4378 4728 5078 5428 5778 6478 6828 7178 8228 8578 8928 9278 9628 9978
23 179 529 879 1229 1929 2279 2629 2979 3329 4029 4379 4729 5079 5429 5779 6129 6479 6829 7879 8229 8929 9279 9979
24 180 530 880 1230 1580 1930 2280 2630 2980 3330 3680 4030 4380 5080 5430 5780 6480 6830 7530 8230 8580 8930 9280 9630
25 181 531 881 1231 1581 1931 2281 2631 2981 3331 4031 4381 4731 5081 5431 5781 6131 6831 7181 7531 7881 8231 8931 9631 9981
23 182 532 882 1232 1582 1932 2282 2632 2982 3332 4032 4382 4732 5432 5782 6132 6832 7182 7532 7882 8582 8932 9982
26 183 533 883 1233 1583 1933 2283 2633 2983 3333 3683 4033 4383 4733 5083 5433 5783 6133 6483 6833 7533 8233 8583 9283 9633 9983
22 184 534 884 1234 1584 1934 2284 2634 2984 3334 3684 4384 4734 5084 5434 5784 6134 6484 6834 7184 7534 7884
24 185 535 885 1235 1585 1935 2285 2985 3335 3685 4035 4385 4735 5085 5435 5785 6135 6835 7535 7885 8585 8935 9285 9985
21 186 536 886 1236 1586 1936 2286 2986 3336 3686 4036 4386 4736 5436 5786 6136 6486 6836 7536 7886 8236
26 187 537 887 1237 1937 2287 2637 2987 3337 3687 4037 4387 4737 5087 5437 5787 6137 6487 6837 7187 7537 7887 8587 9287 9637 9987
23 188 538 888 1238 1588 1938 2288 2638 2988 3338 3688 4038 4388 4738 5088 5438 5788 6138 6838 7188 7888 8938 9638
24 189 539 889 1239 1589 1939 2289 2639 2989 3689 4039 4389 4739 5089 5439 5789 6139 6489 6839 7189 7889 8589 8939 9639
24 190 540 890 1240 1590 1940 2290 2640 2990 3340 3690 4040 4740 5090 5440 5790 6140 6490 6840 7190 7540 8240 8940 9290
25 191 541 891 1241 1591 1941 2291 2641 2991 3341 3691 4041 4741 5091 5441 5791 6141 6491 6841 8241 8591 8941 9291 9641 9991
25 192 542 892 1242 1592 2292 2642 2992 3342 3692 4042 4742 5092 5442 5792 6142 6492 6842 7192 7542 7892 8242 8942 9292 9642
25 193 543 893 1243 1593 1943 2293 2643 3343 4043 4393 4743 5093 5443 5793 6143 6843 7193 7893 8243 8593 8943 9293 9643 9993
23 194 544 894 1244 1594 1944 2294 2644 2994 3344 4044 4394 4744 5094 5444 6144 6494 7194 7544 8244 8944 9294 9644
25 195 545 895 1245 1595 1945 2295 2645 3345 3695 4045 4395 4745 5095 5445 5795 6145 6495 7195 7895 8245 8945 9295 9645 9995
23 196 546 896 1246 1596 1946 2296 2646 3346 3696 4046 4396 4746 5096 5446 6146 6496 6846 7196 7546 8596 9296 9996
25 197 547 897 1247 1597 1947 2297 2647 2997 3347 3697 4047 4747 5447 5797 6147 6847 7197 7547 7897 8247 8597 8947 9297 9647
21 198 548 898 1248 1598 1948 2298 2998 3348 4048 4748 5098 6148 6498 6848 7198 7548 7898 8248 9298 9998
26 199 549 899 1249 1599 1949 2299 2649 2999 3349 3699 4399 4749 5099 5449 5799 6149 6499 6849 7199 7549 7899 8599 9299 9649 9999